[INFO] Scanning for projects...
[INFO] 
[INFO] ---------< sk.stuba.fei.uim.vsa:b-vsa-ls23-project1-solution >----------
[INFO] Building b-vsa-ls23-project1-solution 1.0.0
[INFO] --------------------------------[ jar ]---------------------------------
[INFO] 
[INFO] --- maven-clean-plugin:2.5:clean (default-clean) @ b-vsa-ls23-project1-solution ---
[INFO] 
[INFO] --- maven-resources-plugin:2.6:resources (default-resources) @ b-vsa-ls23-project1-solution ---
[INFO] Using 'UTF-8' encoding to copy filtered resources.
[INFO] Copying 2 resources
[INFO] 
[INFO] --- maven-compiler-plugin:3.1:compile (default-compile) @ b-vsa-ls23-project1-solution ---
[INFO] Changes detected - recompiling the module!
[INFO] Compiling 11 source files to C:\Users\mlado\Documents\Projects\STUBA\VSA 23\vsa-testing-module\localTestRun\tested\target\classes
[INFO] 
[INFO] --- maven-resources-plugin:2.6:resources (default-resources) @ b-vsa-ls23-project1-solution ---
[INFO] Using 'UTF-8' encoding to copy filtered resources.
[INFO] Copying 2 resources
[INFO] 
[INFO] --- maven-compiler-plugin:3.1:compile (default-compile) @ b-vsa-ls23-project1-solution ---
[INFO] Nothing to compile - all classes are up to date
[INFO] 
[INFO] --- maven-resources-plugin:2.6:testResources (default-testResources) @ b-vsa-ls23-project1-solution ---
[INFO] Using 'UTF-8' encoding to copy filtered resources.
[INFO] skip non existing resourceDirectory C:\Users\mlado\Documents\Projects\STUBA\VSA 23\vsa-testing-module\localTestRun\tested\src\test\resources
[INFO] 
[INFO] --- maven-compiler-plugin:3.1:testCompile (default-testCompile) @ b-vsa-ls23-project1-solution ---
[INFO] Changes detected - recompiling the module!
[INFO] Compiling 7 source files to C:\Users\mlado\Documents\Projects\STUBA\VSA 23\vsa-testing-module\localTestRun\tested\target\test-classes
[WARNING] /C:/Users/mlado/Documents/Projects/STUBA/VSA 23/vsa-testing-module/localTestRun/tested/src/test/java/sk/stuba/fei/uim/vsa/pr1/utils/TestUtils.java: Some input files use or override a deprecated API.
[WARNING] /C:/Users/mlado/Documents/Projects/STUBA/VSA 23/vsa-testing-module/localTestRun/tested/src/test/java/sk/stuba/fei/uim/vsa/pr1/utils/TestUtils.java: Recompile with -Xlint:deprecation for details.
[WARNING] /C:/Users/mlado/Documents/Projects/STUBA/VSA 23/vsa-testing-module/localTestRun/tested/src/test/java/sk/stuba/fei/uim/vsa/pr1/utils/TestUtils.java: Some input files use unchecked or unsafe operations.
[WARNING] /C:/Users/mlado/Documents/Projects/STUBA/VSA 23/vsa-testing-module/localTestRun/tested/src/test/java/sk/stuba/fei/uim/vsa/pr1/utils/TestUtils.java: Recompile with -Xlint:unchecked for details.
[INFO] 
[INFO] --- maven-surefire-plugin:2.22.2:test (default-test) @ b-vsa-ls23-project1-solution ---
[INFO] 
[INFO] -------------------------------------------------------
[INFO]  T E S T S
[INFO] -------------------------------------------------------
[INFO] Running sk.stuba.fei.uim.vsa.pr1.SanityCheckTest
2023-03-25 00:09:56.879  INFO --- [           main] s.stuba.fei.uim.vsa.pr1.SanityCheckTest  : Searching for implementation of AbstractThesisService class
2023-03-25 00:09:56.994  INFO --- [           main] org.reflections.Reflections              : Reflections took 92 ms to scan 2 urls, producing 11 keys and 19 values
[EL Fine]: server: 2023-03-25 00:09:57.239--Thread(Thread[main,5,main])--Configured server platform: org.eclipse.persistence.platform.server.NoServerPlatform
[EL Config]: metadata: 2023-03-25 00:09:57.402--ServerSession(106557175)--Thread(Thread[main,5,main])--The access type for the persistent class [class sk.stuba.fei.uim.vsa.pr1.solution.Teacher] is set to [FIELD].
[EL Config]: metadata: 2023-03-25 00:09:57.427--ServerSession(106557175)--Thread(Thread[main,5,main])--The target entity (reference) class for the one to many mapping element [field supervisedTheses] is being defaulted to: class sk.stuba.fei.uim.vsa.pr1.solution.Thesis.
[EL Config]: metadata: 2023-03-25 00:09:57.437--ServerSession(106557175)--Thread(Thread[main,5,main])--The access type for the persistent class [class sk.stuba.fei.uim.vsa.pr1.solution.Thesis] is set to [FIELD].
[EL Config]: metadata: 2023-03-25 00:09:57.44--ServerSession(106557175)--Thread(Thread[main,5,main])--The target entity (reference) class for the one to one mapping element [field author] is being defaulted to: class sk.stuba.fei.uim.vsa.pr1.solution.Student.
[EL Config]: metadata: 2023-03-25 00:09:57.447--ServerSession(106557175)--Thread(Thread[main,5,main])--The target entity (reference) class for the many to one mapping element [field supervisor] is being defaulted to: class sk.stuba.fei.uim.vsa.pr1.solution.Teacher.
[EL Config]: metadata: 2023-03-25 00:09:57.449--ServerSession(106557175)--Thread(Thread[main,5,main])--The access type for the persistent class [class sk.stuba.fei.uim.vsa.pr1.solution.Student] is set to [FIELD].
[EL Config]: metadata: 2023-03-25 00:09:57.45--ServerSession(106557175)--Thread(Thread[main,5,main])--The target entity (reference) class for the one to one mapping element [field thesis] is being defaulted to: class sk.stuba.fei.uim.vsa.pr1.solution.Thesis.
[EL Config]: metadata: 2023-03-25 00:09:57.45--ServerSession(106557175)--Thread(Thread[main,5,main])--The alias name for the entity class [class sk.stuba.fei.uim.vsa.pr1.solution.Teacher] is being defaulted to: Teacher.
[EL Config]: metadata: 2023-03-25 00:09:57.479--ServerSession(106557175)--Thread(Thread[main,5,main])--The column name for element [name] is being defaulted to: NAME.
[EL Config]: metadata: 2023-03-25 00:09:57.48--ServerSession(106557175)--Thread(Thread[main,5,main])--The column name for element [institute] is being defaulted to: INSTITUTE.
[EL Config]: metadata: 2023-03-25 00:09:57.48--ServerSession(106557175)--Thread(Thread[main,5,main])--The column name for element [department] is being defaulted to: DEPARTMENT.
[EL Config]: metadata: 2023-03-25 00:09:57.481--ServerSession(106557175)--Thread(Thread[main,5,main])--The column name for element [aisId] is being defaulted to: AISID.
[EL Config]: metadata: 2023-03-25 00:09:57.482--ServerSession(106557175)--Thread(Thread[main,5,main])--The column name for element [email] is being defaulted to: EMAIL.
[EL Config]: metadata: 2023-03-25 00:09:57.482--ServerSession(106557175)--Thread(Thread[main,5,main])--The alias name for the entity class [class sk.stuba.fei.uim.vsa.pr1.solution.Thesis] is being defaulted to: Thesis.
[EL Config]: metadata: 2023-03-25 00:09:57.483--ServerSession(106557175)--Thread(Thread[main,5,main])--The column name for element [registrationNumber] is being defaulted to: REGISTRATIONNUMBER.
[EL Config]: metadata: 2023-03-25 00:09:57.483--ServerSession(106557175)--Thread(Thread[main,5,main])--The column name for element [description] is being defaulted to: DESCRIPTION.
[EL Config]: metadata: 2023-03-25 00:09:57.484--ServerSession(106557175)--Thread(Thread[main,5,main])--The column name for element [publishedOn] is being defaulted to: PUBLISHEDON.
[EL Config]: metadata: 2023-03-25 00:09:57.488--ServerSession(106557175)--Thread(Thread[main,5,main])--The column name for element [id] is being defaulted to: ID.
[EL Config]: metadata: 2023-03-25 00:09:57.488--ServerSession(106557175)--Thread(Thread[main,5,main])--The column name for element [title] is being defaulted to: TITLE.
[EL Config]: metadata: 2023-03-25 00:09:57.488--ServerSession(106557175)--Thread(Thread[main,5,main])--The column name for element [type] is being defaulted to: TYPE.
[EL Config]: metadata: 2023-03-25 00:09:57.492--ServerSession(106557175)--Thread(Thread[main,5,main])--The column name for element [department] is being defaulted to: DEPARTMENT.
[EL Config]: metadata: 2023-03-25 00:09:57.492--ServerSession(106557175)--Thread(Thread[main,5,main])--The column name for element [deadline] is being defaulted to: DEADLINE.
[EL Config]: metadata: 2023-03-25 00:09:57.493--ServerSession(106557175)--Thread(Thread[main,5,main])--The column name for element [status] is being defaulted to: STATUS.
[EL Config]: metadata: 2023-03-25 00:09:57.493--ServerSession(106557175)--Thread(Thread[main,5,main])--The alias name for the entity class [class sk.stuba.fei.uim.vsa.pr1.solution.Student] is being defaulted to: Student.
[EL Config]: metadata: 2023-03-25 00:09:57.494--ServerSession(106557175)--Thread(Thread[main,5,main])--The column name for element [studyProgramme] is being defaulted to: STUDYPROGRAMME.
[EL Config]: metadata: 2023-03-25 00:09:57.494--ServerSession(106557175)--Thread(Thread[main,5,main])--The column name for element [year] is being defaulted to: YEAR.
[EL Config]: metadata: 2023-03-25 00:09:57.494--ServerSession(106557175)--Thread(Thread[main,5,main])--The column name for element [name] is being defaulted to: NAME.
[EL Config]: metadata: 2023-03-25 00:09:57.494--ServerSession(106557175)--Thread(Thread[main,5,main])--The column name for element [term] is being defaulted to: TERM.
[EL Config]: metadata: 2023-03-25 00:09:57.495--ServerSession(106557175)--Thread(Thread[main,5,main])--The column name for element [aisId] is being defaulted to: AISID.
[EL Config]: metadata: 2023-03-25 00:09:57.495--ServerSession(106557175)--Thread(Thread[main,5,main])--The column name for element [email] is being defaulted to: EMAIL.
[EL Config]: metadata: 2023-03-25 00:09:57.512--ServerSession(106557175)--Thread(Thread[main,5,main])--The primary key column name for the mapping element [field author] is being defaulted to: AISID.
[EL Config]: metadata: 2023-03-25 00:09:57.512--ServerSession(106557175)--Thread(Thread[main,5,main])--The foreign key column name for the mapping element [author] is being defaulted to: AUTHOR_AISID.
[EL Config]: metadata: 2023-03-25 00:09:57.513--ServerSession(106557175)--Thread(Thread[main,5,main])--The primary key column name for the mapping element [field supervisor] is being defaulted to: AISID.
[EL Config]: metadata: 2023-03-25 00:09:57.513--ServerSession(106557175)--Thread(Thread[main,5,main])--The foreign key column name for the mapping element [supervisor] is being defaulted to: SUPERVISOR_AISID.
[EL Info]: 2023-03-25 00:09:57.756--ServerSession(106557175)--Thread(Thread[main,5,main])--EclipseLink, version: Eclipse Persistence Services - 2.7.11.v20220804-52dea2a3c0
[EL Fine]: connection: 2023-03-25 00:09:57.767--ServerSession(106557175)--Connection(2083154356)--Thread(Thread[main,5,main])--connecting(DatabaseLogin(
	platform=>PostgreSQLPlatform
	user name=> "vsa"
	datasource URL=> "jdbc:postgresql://localhost:5432/vsa_pr1"
))
[EL Config]: connection: 2023-03-25 00:09:59.061--ServerSession(106557175)--Connection(1442342557)--Thread(Thread[main,5,main])--Connected: jdbc:postgresql://localhost:5432/vsa_pr1
	User: vsa
	Database: PostgreSQL  Version: 15.2 (Debian 15.2-1.pgdg110+1)
	Driver: PostgreSQL JDBC Driver  Version: 42.5.4
[EL Warning]: metadata: 2023-03-25 00:09:59.082--ServerSession(106557175)--Thread(Thread[main,5,main])--Reverting the lazy setting on the OneToOne or ManyToOne attribute [thesis] for the entity class [class sk.stuba.fei.uim.vsa.pr1.solution.Student] since weaving was not enabled or did not occur.
[EL Fine]: connection: 2023-03-25 00:09:59.267--ServerSession(106557175)--Thread(Thread[main,5,main])--/file:/C:/Users/mlado/Documents/Projects/STUBA/VSA 23/vsa-testing-module/localTestRun/tested/target/classes/_vsa-project-1 login successful
[EL Fine]: sql: 2023-03-25 00:09:59.339--ServerSession(106557175)--Connection(1442342557)--Thread(Thread[main,5,main])--ALTER TABLE THESIS DROP CONSTRAINT FK_THESIS_SUPERVISOR_AISID
[EL Fine]: sql: 2023-03-25 00:09:59.381--ServerSession(106557175)--Thread(Thread[main,5,main])--SELECT 1
[EL Warning]: 2023-03-25 00:09:59.414--ServerSession(106557175)--Thread(Thread[main,5,main])--Exception [EclipseLink-4002] (Eclipse Persistence Services - 2.7.11.v20220804-52dea2a3c0): org.eclipse.persistence.exceptions.DatabaseException
Internal Exception: org.postgresql.util.PSQLException: ERROR: relation "thesis" does not exist
Error Code: 0
Call: ALTER TABLE THESIS DROP CONSTRAINT FK_THESIS_SUPERVISOR_AISID
Query: DataModifyQuery(sql="ALTER TABLE THESIS DROP CONSTRAINT FK_THESIS_SUPERVISOR_AISID")
[EL Fine]: sql: 2023-03-25 00:09:59.422--ServerSession(106557175)--Connection(1442342557)--Thread(Thread[main,5,main])--ALTER TABLE THESIS DROP CONSTRAINT FK_THESIS_AUTHOR_AISID
[EL Fine]: sql: 2023-03-25 00:09:59.428--ServerSession(106557175)--Thread(Thread[main,5,main])--SELECT 1
[EL Warning]: 2023-03-25 00:09:59.433--ServerSession(106557175)--Thread(Thread[main,5,main])--Exception [EclipseLink-4002] (Eclipse Persistence Services - 2.7.11.v20220804-52dea2a3c0): org.eclipse.persistence.exceptions.DatabaseException
Internal Exception: org.postgresql.util.PSQLException: ERROR: relation "thesis" does not exist
Error Code: 0
Call: ALTER TABLE THESIS DROP CONSTRAINT FK_THESIS_AUTHOR_AISID
Query: DataModifyQuery(sql="ALTER TABLE THESIS DROP CONSTRAINT FK_THESIS_AUTHOR_AISID")
[EL Fine]: sql: 2023-03-25 00:09:59.434--ServerSession(106557175)--Connection(1442342557)--Thread(Thread[main,5,main])--DROP TABLE STUDENT CASCADE
[EL Fine]: sql: 2023-03-25 00:09:59.438--ServerSession(106557175)--Thread(Thread[main,5,main])--SELECT 1
[EL Warning]: 2023-03-25 00:09:59.442--ServerSession(106557175)--Thread(Thread[main,5,main])--Exception [EclipseLink-4002] (Eclipse Persistence Services - 2.7.11.v20220804-52dea2a3c0): org.eclipse.persistence.exceptions.DatabaseException
Internal Exception: org.postgresql.util.PSQLException: ERROR: table "student" does not exist
Error Code: 0
Call: DROP TABLE STUDENT CASCADE
Query: DataModifyQuery(sql="DROP TABLE STUDENT CASCADE")
[EL Fine]: sql: 2023-03-25 00:09:59.444--ServerSession(106557175)--Connection(1442342557)--Thread(Thread[main,5,main])--DROP TABLE TEACHER CASCADE
[EL Fine]: sql: 2023-03-25 00:09:59.448--ServerSession(106557175)--Thread(Thread[main,5,main])--SELECT 1
[EL Warning]: 2023-03-25 00:09:59.454--ServerSession(106557175)--Thread(Thread[main,5,main])--Exception [EclipseLink-4002] (Eclipse Persistence Services - 2.7.11.v20220804-52dea2a3c0): org.eclipse.persistence.exceptions.DatabaseException
Internal Exception: org.postgresql.util.PSQLException: ERROR: table "teacher" does not exist
Error Code: 0
Call: DROP TABLE TEACHER CASCADE
Query: DataModifyQuery(sql="DROP TABLE TEACHER CASCADE")
[EL Fine]: sql: 2023-03-25 00:09:59.454--ServerSession(106557175)--Connection(1442342557)--Thread(Thread[main,5,main])--DROP TABLE THESIS CASCADE
[EL Fine]: sql: 2023-03-25 00:09:59.458--ServerSession(106557175)--Thread(Thread[main,5,main])--SELECT 1
[EL Warning]: 2023-03-25 00:09:59.472--ServerSession(106557175)--Thread(Thread[main,5,main])--Exception [EclipseLink-4002] (Eclipse Persistence Services - 2.7.11.v20220804-52dea2a3c0): org.eclipse.persistence.exceptions.DatabaseException
Internal Exception: org.postgresql.util.PSQLException: ERROR: table "thesis" does not exist
Error Code: 0
Call: DROP TABLE THESIS CASCADE
Query: DataModifyQuery(sql="DROP TABLE THESIS CASCADE")
[EL Fine]: sql: 2023-03-25 00:09:59.472--ServerSession(106557175)--Connection(1442342557)--Thread(Thread[main,5,main])--DROP TABLE STUDENT CASCADE
[EL Fine]: sql: 2023-03-25 00:09:59.477--ServerSession(106557175)--Thread(Thread[main,5,main])--SELECT 1
[EL Warning]: 2023-03-25 00:09:59.482--ServerSession(106557175)--Thread(Thread[main,5,main])--Exception [EclipseLink-4002] (Eclipse Persistence Services - 2.7.11.v20220804-52dea2a3c0): org.eclipse.persistence.exceptions.DatabaseException
Internal Exception: org.postgresql.util.PSQLException: ERROR: table "student" does not exist
Error Code: 0
Call: DROP TABLE STUDENT CASCADE
Query: DataModifyQuery(sql="DROP TABLE STUDENT CASCADE")
[EL Fine]: sql: 2023-03-25 00:09:59.483--ServerSession(106557175)--Connection(1442342557)--Thread(Thread[main,5,main])--DROP TABLE TEACHER CASCADE
[EL Fine]: sql: 2023-03-25 00:09:59.487--ServerSession(106557175)--Thread(Thread[main,5,main])--SELECT 1
[EL Warning]: 2023-03-25 00:09:59.491--ServerSession(106557175)--Thread(Thread[main,5,main])--Exception [EclipseLink-4002] (Eclipse Persistence Services - 2.7.11.v20220804-52dea2a3c0): org.eclipse.persistence.exceptions.DatabaseException
Internal Exception: org.postgresql.util.PSQLException: ERROR: table "teacher" does not exist
Error Code: 0
Call: DROP TABLE TEACHER CASCADE
Query: DataModifyQuery(sql="DROP TABLE TEACHER CASCADE")
[EL Fine]: sql: 2023-03-25 00:09:59.492--ServerSession(106557175)--Connection(1442342557)--Thread(Thread[main,5,main])--DROP TABLE THESIS CASCADE
[EL Fine]: sql: 2023-03-25 00:09:59.496--ServerSession(106557175)--Thread(Thread[main,5,main])--SELECT 1
[EL Warning]: 2023-03-25 00:09:59.5--ServerSession(106557175)--Thread(Thread[main,5,main])--Exception [EclipseLink-4002] (Eclipse Persistence Services - 2.7.11.v20220804-52dea2a3c0): org.eclipse.persistence.exceptions.DatabaseException
Internal Exception: org.postgresql.util.PSQLException: ERROR: table "thesis" does not exist
Error Code: 0
Call: DROP TABLE THESIS CASCADE
Query: DataModifyQuery(sql="DROP TABLE THESIS CASCADE")
[EL Fine]: sql: 2023-03-25 00:09:59.501--ServerSession(106557175)--Connection(1442342557)--Thread(Thread[main,5,main])--DROP TABLE STUDENT CASCADE
[EL Fine]: sql: 2023-03-25 00:09:59.504--ServerSession(106557175)--Thread(Thread[main,5,main])--SELECT 1
[EL Warning]: 2023-03-25 00:09:59.508--ServerSession(106557175)--Thread(Thread[main,5,main])--Exception [EclipseLink-4002] (Eclipse Persistence Services - 2.7.11.v20220804-52dea2a3c0): org.eclipse.persistence.exceptions.DatabaseException
Internal Exception: org.postgresql.util.PSQLException: ERROR: table "student" does not exist
Error Code: 0
Call: DROP TABLE STUDENT CASCADE
Query: DataModifyQuery(sql="DROP TABLE STUDENT CASCADE")
[EL Fine]: sql: 2023-03-25 00:09:59.51--ServerSession(106557175)--Connection(1442342557)--Thread(Thread[main,5,main])--DROP TABLE TEACHER CASCADE
[EL Fine]: sql: 2023-03-25 00:09:59.516--ServerSession(106557175)--Thread(Thread[main,5,main])--SELECT 1
[EL Warning]: 2023-03-25 00:09:59.521--ServerSession(106557175)--Thread(Thread[main,5,main])--Exception [EclipseLink-4002] (Eclipse Persistence Services - 2.7.11.v20220804-52dea2a3c0): org.eclipse.persistence.exceptions.DatabaseException
Internal Exception: org.postgresql.util.PSQLException: ERROR: table "teacher" does not exist
Error Code: 0
Call: DROP TABLE TEACHER CASCADE
Query: DataModifyQuery(sql="DROP TABLE TEACHER CASCADE")
[EL Fine]: sql: 2023-03-25 00:09:59.522--ServerSession(106557175)--Connection(1442342557)--Thread(Thread[main,5,main])--DROP TABLE THESIS CASCADE
[EL Fine]: sql: 2023-03-25 00:09:59.528--ServerSession(106557175)--Thread(Thread[main,5,main])--SELECT 1
[EL Warning]: 2023-03-25 00:09:59.537--ServerSession(106557175)--Thread(Thread[main,5,main])--Exception [EclipseLink-4002] (Eclipse Persistence Services - 2.7.11.v20220804-52dea2a3c0): org.eclipse.persistence.exceptions.DatabaseException
Internal Exception: org.postgresql.util.PSQLException: ERROR: table "thesis" does not exist
Error Code: 0
Call: DROP TABLE THESIS CASCADE
Query: DataModifyQuery(sql="DROP TABLE THESIS CASCADE")
[EL Fine]: sql: 2023-03-25 00:09:59.537--ServerSession(106557175)--Connection(1442342557)--Thread(Thread[main,5,main])--DROP TABLE STUDENT CASCADE
[EL Fine]: sql: 2023-03-25 00:09:59.541--ServerSession(106557175)--Thread(Thread[main,5,main])--SELECT 1
[EL Warning]: 2023-03-25 00:09:59.545--ServerSession(106557175)--Thread(Thread[main,5,main])--Exception [EclipseLink-4002] (Eclipse Persistence Services - 2.7.11.v20220804-52dea2a3c0): org.eclipse.persistence.exceptions.DatabaseException
Internal Exception: org.postgresql.util.PSQLException: ERROR: table "student" does not exist
Error Code: 0
Call: DROP TABLE STUDENT CASCADE
Query: DataModifyQuery(sql="DROP TABLE STUDENT CASCADE")
[EL Fine]: sql: 2023-03-25 00:09:59.545--ServerSession(106557175)--Connection(1442342557)--Thread(Thread[main,5,main])--DROP TABLE TEACHER CASCADE
[EL Fine]: sql: 2023-03-25 00:09:59.552--ServerSession(106557175)--Thread(Thread[main,5,main])--SELECT 1
[EL Warning]: 2023-03-25 00:09:59.558--ServerSession(106557175)--Thread(Thread[main,5,main])--Exception [EclipseLink-4002] (Eclipse Persistence Services - 2.7.11.v20220804-52dea2a3c0): org.eclipse.persistence.exceptions.DatabaseException
Internal Exception: org.postgresql.util.PSQLException: ERROR: table "teacher" does not exist
Error Code: 0
Call: DROP TABLE TEACHER CASCADE
Query: DataModifyQuery(sql="DROP TABLE TEACHER CASCADE")
[EL Fine]: sql: 2023-03-25 00:09:59.559--ServerSession(106557175)--Connection(1442342557)--Thread(Thread[main,5,main])--DROP TABLE THESIS CASCADE
[EL Fine]: sql: 2023-03-25 00:09:59.563--ServerSession(106557175)--Thread(Thread[main,5,main])--SELECT 1
[EL Warning]: 2023-03-25 00:09:59.572--ServerSession(106557175)--Thread(Thread[main,5,main])--Exception [EclipseLink-4002] (Eclipse Persistence Services - 2.7.11.v20220804-52dea2a3c0): org.eclipse.persistence.exceptions.DatabaseException
Internal Exception: org.postgresql.util.PSQLException: ERROR: table "thesis" does not exist
Error Code: 0
Call: DROP TABLE THESIS CASCADE
Query: DataModifyQuery(sql="DROP TABLE THESIS CASCADE")
[EL Fine]: sql: 2023-03-25 00:09:59.572--ServerSession(106557175)--Connection(1442342557)--Thread(Thread[main,5,main])--DROP TABLE STUDENT CASCADE
[EL Fine]: sql: 2023-03-25 00:09:59.584--ServerSession(106557175)--Thread(Thread[main,5,main])--SELECT 1
[EL Warning]: 2023-03-25 00:09:59.598--ServerSession(106557175)--Thread(Thread[main,5,main])--Exception [EclipseLink-4002] (Eclipse Persistence Services - 2.7.11.v20220804-52dea2a3c0): org.eclipse.persistence.exceptions.DatabaseException
Internal Exception: org.postgresql.util.PSQLException: ERROR: table "student" does not exist
Error Code: 0
Call: DROP TABLE STUDENT CASCADE
Query: DataModifyQuery(sql="DROP TABLE STUDENT CASCADE")
[EL Fine]: sql: 2023-03-25 00:09:59.6--ServerSession(106557175)--Connection(1442342557)--Thread(Thread[main,5,main])--DROP TABLE TEACHER CASCADE
[EL Fine]: sql: 2023-03-25 00:09:59.604--ServerSession(106557175)--Thread(Thread[main,5,main])--SELECT 1
[EL Warning]: 2023-03-25 00:09:59.607--ServerSession(106557175)--Thread(Thread[main,5,main])--Exception [EclipseLink-4002] (Eclipse Persistence Services - 2.7.11.v20220804-52dea2a3c0): org.eclipse.persistence.exceptions.DatabaseException
Internal Exception: org.postgresql.util.PSQLException: ERROR: table "teacher" does not exist
Error Code: 0
Call: DROP TABLE TEACHER CASCADE
Query: DataModifyQuery(sql="DROP TABLE TEACHER CASCADE")
[EL Fine]: sql: 2023-03-25 00:09:59.607--ServerSession(106557175)--Connection(1442342557)--Thread(Thread[main,5,main])--DROP TABLE THESIS CASCADE
[EL Fine]: sql: 2023-03-25 00:09:59.612--ServerSession(106557175)--Thread(Thread[main,5,main])--SELECT 1
[EL Warning]: 2023-03-25 00:09:59.617--ServerSession(106557175)--Thread(Thread[main,5,main])--Exception [EclipseLink-4002] (Eclipse Persistence Services - 2.7.11.v20220804-52dea2a3c0): org.eclipse.persistence.exceptions.DatabaseException
Internal Exception: org.postgresql.util.PSQLException: ERROR: table "thesis" does not exist
Error Code: 0
Call: DROP TABLE THESIS CASCADE
Query: DataModifyQuery(sql="DROP TABLE THESIS CASCADE")
[EL Fine]: sql: 2023-03-25 00:09:59.63--ServerSession(106557175)--Connection(1442342557)--Thread(Thread[main,5,main])--DELETE FROM SEQUENCE WHERE SEQ_NAME = 'SEQ_GEN'
[EL Fine]: sql: 2023-03-25 00:09:59.634--ServerSession(106557175)--Thread(Thread[main,5,main])--SELECT 1
[EL Warning]: 2023-03-25 00:09:59.637--ServerSession(106557175)--Thread(Thread[main,5,main])--Exception [EclipseLink-4002] (Eclipse Persistence Services - 2.7.11.v20220804-52dea2a3c0): org.eclipse.persistence.exceptions.DatabaseException
Internal Exception: org.postgresql.util.PSQLException: ERROR: relation "sequence" does not exist
  Position: 13
Error Code: 0
Call: DELETE FROM SEQUENCE WHERE SEQ_NAME = 'SEQ_GEN'
Query: DataModifyQuery(sql="DELETE FROM SEQUENCE WHERE SEQ_NAME = 'SEQ_GEN'")
[EL Fine]: sql: 2023-03-25 00:09:59.645--ServerSession(106557175)--Connection(1442342557)--Thread(Thread[main,5,main])--CREATE TABLE STUDENT (AISID BIGINT NOT NULL, EMAIL VARCHAR(255) NOT NULL UNIQUE, NAME VARCHAR(255) NOT NULL, STUDYPROGRAMME VARCHAR(255), TERM INTEGER, YEAR INTEGER, PRIMARY KEY (AISID))
[EL Fine]: sql: 2023-03-25 00:09:59.694--ServerSession(106557175)--Connection(1442342557)--Thread(Thread[main,5,main])--CREATE TABLE TEACHER (AISID BIGINT NOT NULL, DEPARTMENT VARCHAR(255) NOT NULL, EMAIL VARCHAR(255) NOT NULL UNIQUE, INSTITUTE VARCHAR(255), NAME VARCHAR(255) NOT NULL, PRIMARY KEY (AISID))
[EL Fine]: sql: 2023-03-25 00:09:59.732--ServerSession(106557175)--Connection(1442342557)--Thread(Thread[main,5,main])--CREATE TABLE THESIS (ID BIGINT NOT NULL, DEADLINE DATE, DEPARTMENT VARCHAR(255), DESCRIPTION VARCHAR(255), PUBLISHEDON DATE NOT NULL, REGISTRATIONNUMBER VARCHAR(255) NOT NULL UNIQUE, STATUS VARCHAR(255), TITLE VARCHAR(255) NOT NULL, TYPE VARCHAR(255), SUPERVISOR_AISID BIGINT NOT NULL, AUTHOR_AISID BIGINT, PRIMARY KEY (ID))
[EL Fine]: sql: 2023-03-25 00:09:59.766--ServerSession(106557175)--Connection(1442342557)--Thread(Thread[main,5,main])--ALTER TABLE THESIS ADD CONSTRAINT FK_THESIS_SUPERVISOR_AISID FOREIGN KEY (SUPERVISOR_AISID) REFERENCES TEACHER (AISID)
[EL Fine]: sql: 2023-03-25 00:09:59.778--ServerSession(106557175)--Connection(1442342557)--Thread(Thread[main,5,main])--ALTER TABLE THESIS ADD CONSTRAINT FK_THESIS_AUTHOR_AISID FOREIGN KEY (AUTHOR_AISID) REFERENCES STUDENT (AISID)
[EL Fine]: sql: 2023-03-25 00:09:59.796--ServerSession(106557175)--Connection(1442342557)--Thread(Thread[main,5,main])--CREATE TABLE SEQUENCE (SEQ_NAME VARCHAR(50) NOT NULL, SEQ_COUNT DECIMAL(38), PRIMARY KEY (SEQ_NAME))
[EL Fine]: sql: 2023-03-25 00:09:59.814--ServerSession(106557175)--Connection(1442342557)--Thread(Thread[main,5,main])--SELECT * FROM SEQUENCE WHERE SEQ_NAME = 'SEQ_GEN'
[EL Fine]: sql: 2023-03-25 00:09:59.823--ServerSession(106557175)--Connection(1442342557)--Thread(Thread[main,5,main])--INSERT INTO SEQUENCE(SEQ_NAME, SEQ_COUNT) values ('SEQ_GEN', 0)
2023-03-25 00:09:59.839  INFO --- [           main] s.stuba.fei.uim.vsa.pr1.utils.TestUtils  : Thesis service class: sk.stuba.fei.uim.vsa.pr1.solution.ThesisService
2023-03-25 00:09:59.839  INFO --- [           main] s.stuba.fei.uim.vsa.pr1.SanityCheckTest  : Found class sk.stuba.fei.uim.vsa.pr1.solution.ThesisService
2023-03-25 00:09:59.840  INFO --- [           main] s.stuba.fei.uim.vsa.pr1.SanityCheckTest  : Searching for implementation of Thesis entity class
2023-03-25 00:09:59.861  INFO --- [           main] s.stuba.fei.uim.vsa.pr1.SanityCheckTest  : Found entity class sk.stuba.fei.uim.vsa.pr1.solution.Thesis
2023-03-25 00:09:59.861  INFO --- [           main] s.stuba.fei.uim.vsa.pr1.SanityCheckTest  : Searching for implementation of Teacher entity class
2023-03-25 00:09:59.861  INFO --- [           main] s.stuba.fei.uim.vsa.pr1.SanityCheckTest  : Found entity class sk.stuba.fei.uim.vsa.pr1.solution.Teacher
2023-03-25 00:09:59.862  INFO --- [           main] s.stuba.fei.uim.vsa.pr1.SanityCheckTest  : Searching for implementation of Student entity class
2023-03-25 00:09:59.862  INFO --- [           main] s.stuba.fei.uim.vsa.pr1.SanityCheckTest  : Found entity class sk.stuba.fei.uim.vsa.pr1.solution.Student
2023-03-25 00:09:59.862  INFO --- [           main] s.stuba.fei.uim.vsa.pr1.SanityCheckTest  : Searching for identifier property/field of type Long for entity class sk.stuba.fei.uim.vsa.pr1.solution.Thesis
2023-03-25 00:09:59.874  INFO --- [           main] s.stuba.fei.uim.vsa.pr1.SanityCheckTest  : Found identifier for class sk.stuba.fei.uim.vsa.pr1.solution.Thesis as field 'id'
2023-03-25 00:09:59.874  INFO --- [           main] s.stuba.fei.uim.vsa.pr1.SanityCheckTest  : Searching for identifier property/field of type Long for entity class sk.stuba.fei.uim.vsa.pr1.solution.Teacher
2023-03-25 00:09:59.875  INFO --- [           main] s.stuba.fei.uim.vsa.pr1.SanityCheckTest  : Found identifier for class sk.stuba.fei.uim.vsa.pr1.solution.Teacher as field 'aisId'
2023-03-25 00:09:59.875  INFO --- [           main] s.stuba.fei.uim.vsa.pr1.SanityCheckTest  : Searching for identifier property/field of type Long for entity class sk.stuba.fei.uim.vsa.pr1.solution.Student
2023-03-25 00:09:59.876  INFO --- [           main] s.stuba.fei.uim.vsa.pr1.SanityCheckTest  : Found identifier for class sk.stuba.fei.uim.vsa.pr1.solution.Student as field 'aisId'
2023-03-25 00:09:59.876  INFO --- [           main] s.stuba.fei.uim.vsa.pr1.SanityCheckTest  : Searching for date type field in sk.stuba.fei.uim.vsa.pr1.solution.Thesis class
2023-03-25 00:09:59.884  INFO --- [           main] s.stuba.fei.uim.vsa.pr1.SanityCheckTest  : Found field for type 'java.util.Date' in class sk.stuba.fei.uim.vsa.pr1.solution.Thesis
2023-03-25 00:09:59.884  INFO --- [           main] s.stuba.fei.uim.vsa.pr1.SanityCheckTest  : Found date fields deadline, publishedOn in class sk.stuba.fei.uim.vsa.pr1.solution.Thesis
2023-03-25 00:09:59.885  INFO --- [           main] s.stuba.fei.uim.vsa.pr1.SanityCheckTest  : Searching for status field in class sk.stuba.fei.uim.vsa.pr1.solution.Thesis
2023-03-25 00:09:59.907  INFO --- [           main] s.stuba.fei.uim.vsa.pr1.SanityCheckTest  : Checking if student is set as developer in pom.xml
2023-03-25 00:09:59.914  INFO --- [           main] s.stuba.fei.uim.vsa.pr1.SanityCheckTest  : Found student id <id>70127</id>
2023-03-25 00:09:59.914  INFO --- [           main] s.stuba.fei.uim.vsa.pr1.SanityCheckTest  : Found student name <name>Milan Mladoniczky</name>
2023-03-25 00:09:59.914  INFO --- [           main] s.stuba.fei.uim.vsa.pr1.SanityCheckTest  : Found student email <email>milan.mladoniczky@stuba.sk</email>
2023-03-25 00:09:59.938  INFO --- [           main] s.stuba.fei.uim.vsa.pr1.SanityCheckTest  : Running basic tests of creating instances of entity classes
2023-03-25 00:09:59.942  INFO --- [           main] s.stuba.fei.uim.vsa.pr1.SanityCheckTest  : Checking for correct name in persistence.xml
2023-03-25 00:09:59.955  INFO --- [           main] s.stuba.fei.uim.vsa.pr1.SanityCheckTest  : Cleaning after the test
[EL Fine]: connection: 2023-03-25 00:09:59.956--ServerSession(106557175)--Connection(1442342557)--Thread(Thread[main,5,main])--disconnect
[EL Fine]: connection: 2023-03-25 00:09:59.957--ServerSession(106557175)--Thread(Thread[main,5,main])--/file:/C:/Users/mlado/Documents/Projects/STUBA/VSA 23/vsa-testing-module/localTestRun/tested/target/classes/_vsa-project-1 logout successful
[EL Fine]: connection: 2023-03-25 00:09:59.957--ServerSession(106557175)--Connection(2083154356)--Thread(Thread[main,5,main])--disconnect
[INFO] Tests run: 3, Failures: 0, Errors: 0, Skipped: 0, Time elapsed: 3.413 s - in sk.stuba.fei.uim.vsa.pr1.SanityCheckTest
[INFO] Running sk.stuba.fei.uim.vsa.pr1.StudentTest
2023-03-25 00:10:00.024  INFO --- [           main] org.reflections.Reflections              : Reflections took 56 ms to scan 2 urls, producing 11 keys and 19 values
[EL Fine]: moxy: 2023-03-25 00:10:00.079--Thread(Thread[main,5,main])--SAXParserFactory instance: com.sun.org.apache.xerces.internal.jaxp.SAXParserFactoryImpl@28fd3dc1
[EL Fine]: server: 2023-03-25 00:10:00.089--Thread(Thread[main,5,main])--Configured server platform: org.eclipse.persistence.platform.server.NoServerPlatform
[EL Config]: metadata: 2023-03-25 00:10:00.161--ServerSession(1604020967)--Thread(Thread[main,5,main])--The access type for the persistent class [class sk.stuba.fei.uim.vsa.pr1.solution.Teacher] is set to [FIELD].
[EL Config]: metadata: 2023-03-25 00:10:00.164--ServerSession(1604020967)--Thread(Thread[main,5,main])--The target entity (reference) class for the one to many mapping element [field supervisedTheses] is being defaulted to: class sk.stuba.fei.uim.vsa.pr1.solution.Thesis.
[EL Config]: metadata: 2023-03-25 00:10:00.169--ServerSession(1604020967)--Thread(Thread[main,5,main])--The access type for the persistent class [class sk.stuba.fei.uim.vsa.pr1.solution.Thesis] is set to [FIELD].
[EL Config]: metadata: 2023-03-25 00:10:00.169--ServerSession(1604020967)--Thread(Thread[main,5,main])--The target entity (reference) class for the one to one mapping element [field author] is being defaulted to: class sk.stuba.fei.uim.vsa.pr1.solution.Student.
[EL Config]: metadata: 2023-03-25 00:10:00.172--ServerSession(1604020967)--Thread(Thread[main,5,main])--The target entity (reference) class for the many to one mapping element [field supervisor] is being defaulted to: class sk.stuba.fei.uim.vsa.pr1.solution.Teacher.
[EL Config]: metadata: 2023-03-25 00:10:00.176--ServerSession(1604020967)--Thread(Thread[main,5,main])--The access type for the persistent class [class sk.stuba.fei.uim.vsa.pr1.solution.Student] is set to [FIELD].
[EL Config]: metadata: 2023-03-25 00:10:00.179--ServerSession(1604020967)--Thread(Thread[main,5,main])--The target entity (reference) class for the one to one mapping element [field thesis] is being defaulted to: class sk.stuba.fei.uim.vsa.pr1.solution.Thesis.
[EL Config]: metadata: 2023-03-25 00:10:00.181--ServerSession(1604020967)--Thread(Thread[main,5,main])--The alias name for the entity class [class sk.stuba.fei.uim.vsa.pr1.solution.Teacher] is being defaulted to: Teacher.
[EL Config]: metadata: 2023-03-25 00:10:00.183--ServerSession(1604020967)--Thread(Thread[main,5,main])--The column name for element [name] is being defaulted to: NAME.
[EL Config]: metadata: 2023-03-25 00:10:00.184--ServerSession(1604020967)--Thread(Thread[main,5,main])--The column name for element [institute] is being defaulted to: INSTITUTE.
[EL Config]: metadata: 2023-03-25 00:10:00.185--ServerSession(1604020967)--Thread(Thread[main,5,main])--The column name for element [department] is being defaulted to: DEPARTMENT.
[EL Config]: metadata: 2023-03-25 00:10:00.185--ServerSession(1604020967)--Thread(Thread[main,5,main])--The column name for element [aisId] is being defaulted to: AISID.
[EL Config]: metadata: 2023-03-25 00:10:00.187--ServerSession(1604020967)--Thread(Thread[main,5,main])--The column name for element [email] is being defaulted to: EMAIL.
[EL Config]: metadata: 2023-03-25 00:10:00.187--ServerSession(1604020967)--Thread(Thread[main,5,main])--The alias name for the entity class [class sk.stuba.fei.uim.vsa.pr1.solution.Thesis] is being defaulted to: Thesis.
[EL Config]: metadata: 2023-03-25 00:10:00.189--ServerSession(1604020967)--Thread(Thread[main,5,main])--The column name for element [registrationNumber] is being defaulted to: REGISTRATIONNUMBER.
[EL Config]: metadata: 2023-03-25 00:10:00.19--ServerSession(1604020967)--Thread(Thread[main,5,main])--The column name for element [description] is being defaulted to: DESCRIPTION.
[EL Config]: metadata: 2023-03-25 00:10:00.19--ServerSession(1604020967)--Thread(Thread[main,5,main])--The column name for element [publishedOn] is being defaulted to: PUBLISHEDON.
[EL Config]: metadata: 2023-03-25 00:10:00.19--ServerSession(1604020967)--Thread(Thread[main,5,main])--The column name for element [id] is being defaulted to: ID.
[EL Config]: metadata: 2023-03-25 00:10:00.191--ServerSession(1604020967)--Thread(Thread[main,5,main])--The column name for element [title] is being defaulted to: TITLE.
[EL Config]: metadata: 2023-03-25 00:10:00.192--ServerSession(1604020967)--Thread(Thread[main,5,main])--The column name for element [type] is being defaulted to: TYPE.
[EL Config]: metadata: 2023-03-25 00:10:00.194--ServerSession(1604020967)--Thread(Thread[main,5,main])--The column name for element [department] is being defaulted to: DEPARTMENT.
[EL Config]: metadata: 2023-03-25 00:10:00.195--ServerSession(1604020967)--Thread(Thread[main,5,main])--The column name for element [deadline] is being defaulted to: DEADLINE.
[EL Config]: metadata: 2023-03-25 00:10:00.196--ServerSession(1604020967)--Thread(Thread[main,5,main])--The column name for element [status] is being defaulted to: STATUS.
[EL Config]: metadata: 2023-03-25 00:10:00.196--ServerSession(1604020967)--Thread(Thread[main,5,main])--The alias name for the entity class [class sk.stuba.fei.uim.vsa.pr1.solution.Student] is being defaulted to: Student.
[EL Config]: metadata: 2023-03-25 00:10:00.197--ServerSession(1604020967)--Thread(Thread[main,5,main])--The column name for element [studyProgramme] is being defaulted to: STUDYPROGRAMME.
[EL Config]: metadata: 2023-03-25 00:10:00.197--ServerSession(1604020967)--Thread(Thread[main,5,main])--The column name for element [year] is being defaulted to: YEAR.
[EL Config]: metadata: 2023-03-25 00:10:00.197--ServerSession(1604020967)--Thread(Thread[main,5,main])--The column name for element [name] is being defaulted to: NAME.
[EL Config]: metadata: 2023-03-25 00:10:00.198--ServerSession(1604020967)--Thread(Thread[main,5,main])--The column name for element [term] is being defaulted to: TERM.
[EL Config]: metadata: 2023-03-25 00:10:00.198--ServerSession(1604020967)--Thread(Thread[main,5,main])--The column name for element [aisId] is being defaulted to: AISID.
[EL Config]: metadata: 2023-03-25 00:10:00.198--ServerSession(1604020967)--Thread(Thread[main,5,main])--The column name for element [email] is being defaulted to: EMAIL.
[EL Config]: metadata: 2023-03-25 00:10:00.199--ServerSession(1604020967)--Thread(Thread[main,5,main])--The primary key column name for the mapping element [field author] is being defaulted to: AISID.
[EL Config]: metadata: 2023-03-25 00:10:00.199--ServerSession(1604020967)--Thread(Thread[main,5,main])--The foreign key column name for the mapping element [author] is being defaulted to: AUTHOR_AISID.
[EL Config]: metadata: 2023-03-25 00:10:00.2--ServerSession(1604020967)--Thread(Thread[main,5,main])--The primary key column name for the mapping element [field supervisor] is being defaulted to: AISID.
[EL Config]: metadata: 2023-03-25 00:10:00.2--ServerSession(1604020967)--Thread(Thread[main,5,main])--The foreign key column name for the mapping element [supervisor] is being defaulted to: SUPERVISOR_AISID.
[EL Info]: 2023-03-25 00:10:00.214--ServerSession(1604020967)--Thread(Thread[main,5,main])--EclipseLink, version: Eclipse Persistence Services - 2.7.11.v20220804-52dea2a3c0
[EL Fine]: connection: 2023-03-25 00:10:00.214--ServerSession(1604020967)--Connection(999334666)--Thread(Thread[main,5,main])--connecting(DatabaseLogin(
	platform=>PostgreSQLPlatform
	user name=> "vsa"
	datasource URL=> "jdbc:postgresql://localhost:5432/vsa_pr1"
))
[EL Config]: connection: 2023-03-25 00:10:00.275--ServerSession(1604020967)--Connection(837946527)--Thread(Thread[main,5,main])--Connected: jdbc:postgresql://localhost:5432/vsa_pr1
	User: vsa
	Database: PostgreSQL  Version: 15.2 (Debian 15.2-1.pgdg110+1)
	Driver: PostgreSQL JDBC Driver  Version: 42.5.4
[EL Warning]: metadata: 2023-03-25 00:10:00.278--ServerSession(1604020967)--Thread(Thread[main,5,main])--Reverting the lazy setting on the OneToOne or ManyToOne attribute [thesis] for the entity class [class sk.stuba.fei.uim.vsa.pr1.solution.Student] since weaving was not enabled or did not occur.
[EL Fine]: connection: 2023-03-25 00:10:00.285--ServerSession(1604020967)--Thread(Thread[main,5,main])--/file:/C:/Users/mlado/Documents/Projects/STUBA/VSA 23/vsa-testing-module/localTestRun/tested/target/classes/_vsa-project-1 login successful
[EL Fine]: sql: 2023-03-25 00:10:00.289--ServerSession(1604020967)--Connection(837946527)--Thread(Thread[main,5,main])--ALTER TABLE THESIS DROP CONSTRAINT FK_THESIS_SUPERVISOR_AISID
[EL Fine]: sql: 2023-03-25 00:10:00.311--ServerSession(1604020967)--Connection(837946527)--Thread(Thread[main,5,main])--ALTER TABLE THESIS DROP CONSTRAINT FK_THESIS_AUTHOR_AISID
[EL Fine]: sql: 2023-03-25 00:10:00.321--ServerSession(1604020967)--Connection(837946527)--Thread(Thread[main,5,main])--DROP TABLE STUDENT CASCADE
[EL Fine]: sql: 2023-03-25 00:10:00.34--ServerSession(1604020967)--Connection(837946527)--Thread(Thread[main,5,main])--DROP TABLE TEACHER CASCADE
[EL Fine]: sql: 2023-03-25 00:10:00.366--ServerSession(1604020967)--Connection(837946527)--Thread(Thread[main,5,main])--DROP TABLE THESIS CASCADE
[EL Fine]: sql: 2023-03-25 00:10:00.401--ServerSession(1604020967)--Connection(837946527)--Thread(Thread[main,5,main])--DELETE FROM SEQUENCE WHERE SEQ_NAME = 'SEQ_GEN'
[EL Fine]: sql: 2023-03-25 00:10:00.427--ServerSession(1604020967)--Connection(837946527)--Thread(Thread[main,5,main])--CREATE TABLE STUDENT (AISID BIGINT NOT NULL, EMAIL VARCHAR(255) NOT NULL UNIQUE, NAME VARCHAR(255) NOT NULL, STUDYPROGRAMME VARCHAR(255), TERM INTEGER, YEAR INTEGER, PRIMARY KEY (AISID))
[EL Fine]: sql: 2023-03-25 00:10:00.491--ServerSession(1604020967)--Connection(837946527)--Thread(Thread[main,5,main])--CREATE TABLE TEACHER (AISID BIGINT NOT NULL, DEPARTMENT VARCHAR(255) NOT NULL, EMAIL VARCHAR(255) NOT NULL UNIQUE, INSTITUTE VARCHAR(255), NAME VARCHAR(255) NOT NULL, PRIMARY KEY (AISID))
[EL Fine]: sql: 2023-03-25 00:10:00.557--ServerSession(1604020967)--Connection(837946527)--Thread(Thread[main,5,main])--CREATE TABLE THESIS (ID BIGINT NOT NULL, DEADLINE DATE, DEPARTMENT VARCHAR(255), DESCRIPTION VARCHAR(255), PUBLISHEDON DATE NOT NULL, REGISTRATIONNUMBER VARCHAR(255) NOT NULL UNIQUE, STATUS VARCHAR(255), TITLE VARCHAR(255) NOT NULL, TYPE VARCHAR(255), SUPERVISOR_AISID BIGINT NOT NULL, AUTHOR_AISID BIGINT, PRIMARY KEY (ID))
[EL Fine]: sql: 2023-03-25 00:10:00.601--ServerSession(1604020967)--Connection(837946527)--Thread(Thread[main,5,main])--ALTER TABLE THESIS ADD CONSTRAINT FK_THESIS_SUPERVISOR_AISID FOREIGN KEY (SUPERVISOR_AISID) REFERENCES TEACHER (AISID)
[EL Fine]: sql: 2023-03-25 00:10:00.615--ServerSession(1604020967)--Connection(837946527)--Thread(Thread[main,5,main])--ALTER TABLE THESIS ADD CONSTRAINT FK_THESIS_AUTHOR_AISID FOREIGN KEY (AUTHOR_AISID) REFERENCES STUDENT (AISID)
[EL Fine]: sql: 2023-03-25 00:10:00.632--ServerSession(1604020967)--Connection(837946527)--Thread(Thread[main,5,main])--SELECT * FROM SEQUENCE WHERE SEQ_NAME = 'SEQ_GEN'
[EL Fine]: sql: 2023-03-25 00:10:00.641--ServerSession(1604020967)--Connection(837946527)--Thread(Thread[main,5,main])--INSERT INTO SEQUENCE(SEQ_NAME, SEQ_COUNT) values ('SEQ_GEN', 0)
2023-03-25 00:10:00.654  INFO --- [           main] s.stuba.fei.uim.vsa.pr1.utils.TestUtils  : Thesis service class: sk.stuba.fei.uim.vsa.pr1.solution.ThesisService
2023-03-25 00:10:00.918  INFO --- [           main] s.s.f.uim.vsa.pr1.AbstractThesisService  : Creating student with AIS ID 70127
[EL Fine]: sql: 2023-03-25 00:10:01.022--ClientSession(1858493278)--Connection(837946527)--Thread(Thread[main,5,main])--INSERT INTO STUDENT (AISID, EMAIL, NAME, STUDYPROGRAMME, TERM, YEAR) VALUES (?, ?, ?, ?, ?, ?)
	bind => [70127, xtest@stuba.sk, Test-Student, null, null, null]
[EL Fine]: sql: 2023-03-25 00:10:01.076--ClientSession(1817662245)--Connection(837946527)--Thread(Thread[main,5,main])--UPDATE STUDENT SET NAME = ? WHERE (AISID = ?)
	bind => [QVBJNDk=, 70127]
2023-03-25 00:10:01.234  INFO --- [           main] s.s.f.uim.vsa.pr1.AbstractThesisService  : Creating student with AIS ID 70127
[EL Fine]: sql: 2023-03-25 00:10:01.235--ClientSession(541135648)--Connection(837946527)--Thread(Thread[main,5,main])--INSERT INTO STUDENT (AISID, EMAIL, NAME, STUDYPROGRAMME, TERM, YEAR) VALUES (?, ?, ?, ?, ?, ?)
	bind => [70127, xtest@stuba.sk, Test-Student, null, null, null]
[EL Fine]: sql: 2023-03-25 00:10:01.248--ClientSession(1807634633)--Connection(837946527)--Thread(Thread[main,5,main])--DELETE FROM STUDENT WHERE (AISID = ?)
	bind => [70127]
[EL Fine]: sql: 2023-03-25 00:10:01.263--ServerSession(1604020967)--Connection(837946527)--Thread(Thread[main,5,main])--SELECT ID, DEADLINE, DEPARTMENT, DESCRIPTION, PUBLISHEDON, REGISTRATIONNUMBER, STATUS, TITLE, TYPE, SUPERVISOR_AISID, AUTHOR_AISID FROM THESIS WHERE (AUTHOR_AISID = ?)
	bind => [70127]
[EL Fine]: sql: 2023-03-25 00:10:01.268--ServerSession(1604020967)--Connection(837946527)--Thread(Thread[main,5,main])--SELECT AISID, EMAIL, NAME, STUDYPROGRAMME, TERM, YEAR FROM STUDENT WHERE (AISID = ?)
	bind => [70127]
2023-03-25 00:10:01.395  INFO --- [           main] s.s.f.uim.vsa.pr1.AbstractThesisService  : Creating student with AIS ID 70127
[EL Fine]: sql: 2023-03-25 00:10:01.396--ClientSession(783882192)--Connection(837946527)--Thread(Thread[main,5,main])--INSERT INTO STUDENT (AISID, EMAIL, NAME, STUDYPROGRAMME, TERM, YEAR) VALUES (?, ?, ?, ?, ?, ?)
	bind => [70127, xtest@stuba.sk, Test-Student, null, null, null]
2023-03-25 00:10:01.408  INFO --- [           main] s.s.f.uim.vsa.pr1.AbstractThesisService  : Creating student with AIS ID 665434
[EL Fine]: sql: 2023-03-25 00:10:01.409--ClientSession(1783146483)--Connection(837946527)--Thread(Thread[main,5,main])--INSERT INTO STUDENT (AISID, EMAIL, NAME, STUDYPROGRAMME, TERM, YEAR) VALUES (?, ?, ?, ?, ?, ?)
	bind => [665434, xtests2@stuba.sk, Test-Student The Second, null, null, null]
[EL Fine]: sql: 2023-03-25 00:10:01.418--ServerSession(1604020967)--Connection(837946527)--Thread(Thread[main,5,main])--SELECT AISID, EMAIL, NAME, STUDYPROGRAMME, TERM, YEAR FROM STUDENT
2023-03-25 00:10:01.556  INFO --- [           main] s.s.f.uim.vsa.pr1.AbstractThesisService  : Creating student with AIS ID 70127
[EL Fine]: sql: 2023-03-25 00:10:01.557--ClientSession(349717579)--Connection(837946527)--Thread(Thread[main,5,main])--INSERT INTO STUDENT (AISID, EMAIL, NAME, STUDYPROGRAMME, TERM, YEAR) VALUES (?, ?, ?, ?, ?, ?)
	bind => [70127, xtest@stuba.sk, Test-Student, null, null, null]
2023-03-25 00:10:01.693  INFO --- [           main] s.s.f.uim.vsa.pr1.AbstractThesisService  : Creating student with AIS ID 70127
[EL Fine]: sql: 2023-03-25 00:10:01.694--ClientSession(1421650289)--Connection(837946527)--Thread(Thread[main,5,main])--INSERT INTO STUDENT (AISID, EMAIL, NAME, STUDYPROGRAMME, TERM, YEAR) VALUES (?, ?, ?, ?, ?, ?)
	bind => [70127, xtest@stuba.sk, Test-Student, null, null, null]
2023-03-25 00:10:01.815  INFO --- [           main] s.s.f.uim.vsa.pr1.AbstractThesisService  : Creating student with AIS ID 70127
[EL Fine]: sql: 2023-03-25 00:10:01.815--ClientSession(593045830)--Connection(837946527)--Thread(Thread[main,5,main])--INSERT INTO STUDENT (AISID, EMAIL, NAME, STUDYPROGRAMME, TERM, YEAR) VALUES (?, ?, ?, ?, ?, ?)
	bind => [70127, xtest@stuba.sk, Test-Student, null, null, null]
2023-03-25 00:10:01.825  INFO --- [           main] s.s.f.uim.vsa.pr1.AbstractThesisService  : Creating student with AIS ID 665434
[EL Fine]: sql: 2023-03-25 00:10:01.825--ClientSession(296974277)--Connection(837946527)--Thread(Thread[main,5,main])--INSERT INTO STUDENT (AISID, EMAIL, NAME, STUDYPROGRAMME, TERM, YEAR) VALUES (?, ?, ?, ?, ?, ?)
	bind => [665434, xtest@stuba.sk, Test-Student The Second, null, null, null]
[EL Fine]: sql: 2023-03-25 00:10:01.83--ClientSession(296974277)--Thread(Thread[main,5,main])--SELECT 1
[EL Warning]: 2023-03-25 00:10:01.833--UnitOfWork(2076864428)--Thread(Thread[main,5,main])--Exception [EclipseLink-4002] (Eclipse Persistence Services - 2.7.11.v20220804-52dea2a3c0): org.eclipse.persistence.exceptions.DatabaseException
Internal Exception: org.postgresql.util.PSQLException: ERROR: duplicate key value violates unique constraint "student_email_key"
  Detail: Key (email)=(xtest@stuba.sk) already exists.
Error Code: 0
Call: INSERT INTO STUDENT (AISID, EMAIL, NAME, STUDYPROGRAMME, TERM, YEAR) VALUES (?, ?, ?, ?, ?, ?)
	bind => [665434, xtest@stuba.sk, Test-Student The Second, null, null, null]
Query: InsertObjectQuery(Student(aisId=665434, name=Test-Student The Second, email=xtest@stuba.sk, year=null, term=null, studyProgramme=null, thesis=null))
[EL Fine]: connection: 2023-03-25 00:10:01.838--ServerSession(1604020967)--Connection(837946527)--Thread(Thread[main,5,main])--disconnect
2023-03-25 00:10:01.839 ERROR --- [           main] s.s.f.uim.vsa.pr1.AbstractThesisService  : Exception [EclipseLink-4002] (Eclipse Persistence Services - 2.7.11.v20220804-52dea2a3c0): org.eclipse.persistence.exceptions.DatabaseException
Internal Exception: org.postgresql.util.PSQLException: ERROR: duplicate key value violates unique constraint "student_email_key"
  Detail: Key (email)=(xtest@stuba.sk) already exists.
Error Code: 0
Call: INSERT INTO STUDENT (AISID, EMAIL, NAME, STUDYPROGRAMME, TERM, YEAR) VALUES (?, ?, ?, ?, ?, ?)
	bind => [665434, xtest@stuba.sk, Test-Student The Second, null, null, null]
Query: InsertObjectQuery(Student(aisId=665434, name=Test-Student The Second, email=xtest@stuba.sk, year=null, term=null, studyProgramme=null, thesis=null))
javax.persistence.RollbackException: Exception [EclipseLink-4002] (Eclipse Persistence Services - 2.7.11.v20220804-52dea2a3c0): org.eclipse.persistence.exceptions.DatabaseException
Internal Exception: org.postgresql.util.PSQLException: ERROR: duplicate key value violates unique constraint "student_email_key"
  Detail: Key (email)=(xtest@stuba.sk) already exists.
Error Code: 0
Call: INSERT INTO STUDENT (AISID, EMAIL, NAME, STUDYPROGRAMME, TERM, YEAR) VALUES (?, ?, ?, ?, ?, ?)
	bind => [665434, xtest@stuba.sk, Test-Student The Second, null, null, null]
Query: InsertObjectQuery(Student(aisId=665434, name=Test-Student The Second, email=xtest@stuba.sk, year=null, term=null, studyProgramme=null, thesis=null))
	at org.eclipse.persistence.internal.jpa.transaction.EntityTransactionImpl.commit(EntityTransactionImpl.java:161)
	at sk.stuba.fei.uim.vsa.pr1.solution.ThesisService.create(ThesisService.java:295)
	at sk.stuba.fei.uim.vsa.pr1.solution.ThesisService.createStudent(ThesisService.java:29)
	at sk.stuba.fei.uim.vsa.pr1.solution.ThesisService.createStudent(ThesisService.java:20)
	at sk.stuba.fei.uim.vsa.pr1.StudentTest.ST06_emailShouldBeUnique(StudentTest.java:153)
	at java.base/jdk.internal.reflect.NativeMethodAccessorImpl.invoke0(Native Method)
	at java.base/jdk.internal.reflect.NativeMethodAccessorImpl.invoke(NativeMethodAccessorImpl.java:62)
	at java.base/jdk.internal.reflect.DelegatingMethodAccessorImpl.invoke(DelegatingMethodAccessorImpl.java:43)
	at java.base/java.lang.reflect.Method.invoke(Method.java:566)
	at org.junit.platform.commons.util.ReflectionUtils.invokeMethod(ReflectionUtils.java:725)
	at org.junit.jupiter.engine.execution.MethodInvocation.proceed(MethodInvocation.java:60)
	at org.junit.jupiter.engine.execution.InvocationInterceptorChain$ValidatingInvocation.proceed(InvocationInterceptorChain.java:131)
	at org.junit.jupiter.engine.extension.TimeoutExtension.intercept(TimeoutExtension.java:149)
	at org.junit.jupiter.engine.extension.TimeoutExtension.interceptTestableMethod(TimeoutExtension.java:140)
	at org.junit.jupiter.engine.extension.TimeoutExtension.interceptTestMethod(TimeoutExtension.java:84)
	at org.junit.jupiter.engine.execution.ExecutableInvoker$ReflectiveInterceptorCall.lambda$ofVoidMethod$0(ExecutableInvoker.java:115)
	at org.junit.jupiter.engine.execution.ExecutableInvoker.lambda$invoke$0(ExecutableInvoker.java:105)
	at org.junit.jupiter.engine.execution.InvocationInterceptorChain$InterceptedInvocation.proceed(InvocationInterceptorChain.java:106)
	at org.junit.jupiter.engine.execution.InvocationInterceptorChain.proceed(InvocationInterceptorChain.java:64)
	at org.junit.jupiter.engine.execution.InvocationInterceptorChain.chainAndInvoke(InvocationInterceptorChain.java:45)
	at org.junit.jupiter.engine.execution.InvocationInterceptorChain.invoke(InvocationInterceptorChain.java:37)
	at org.junit.jupiter.engine.execution.ExecutableInvoker.invoke(ExecutableInvoker.java:104)
	at org.junit.jupiter.engine.execution.ExecutableInvoker.invoke(ExecutableInvoker.java:98)
	at org.junit.jupiter.engine.descriptor.TestMethodTestDescriptor.lambda$invokeTestMethod$7(TestMethodTestDescriptor.java:214)
	at org.junit.platform.engine.support.hierarchical.ThrowableCollector.execute(ThrowableCollector.java:73)
	at org.junit.jupiter.engine.descriptor.TestMethodTestDescriptor.invokeTestMethod(TestMethodTestDescriptor.java:210)
	at org.junit.jupiter.engine.descriptor.TestMethodTestDescriptor.execute(TestMethodTestDescriptor.java:135)
	at org.junit.jupiter.engine.descriptor.TestMethodTestDescriptor.execute(TestMethodTestDescriptor.java:66)
	at org.junit.platform.engine.support.hierarchical.NodeTestTask.lambda$executeRecursively$6(NodeTestTask.java:151)
	at org.junit.platform.engine.support.hierarchical.ThrowableCollector.execute(ThrowableCollector.java:73)
	at org.junit.platform.engine.support.hierarchical.NodeTestTask.lambda$executeRecursively$8(NodeTestTask.java:141)
	at org.junit.platform.engine.support.hierarchical.Node.around(Node.java:137)
	at org.junit.platform.engine.support.hierarchical.NodeTestTask.lambda$executeRecursively$9(NodeTestTask.java:139)
	at org.junit.platform.engine.support.hierarchical.ThrowableCollector.execute(ThrowableCollector.java:73)
	at org.junit.platform.engine.support.hierarchical.NodeTestTask.executeRecursively(NodeTestTask.java:138)
	at org.junit.platform.engine.support.hierarchical.NodeTestTask.execute(NodeTestTask.java:95)
	at java.base/java.util.ArrayList.forEach(ArrayList.java:1541)
	at org.junit.platform.engine.support.hierarchical.SameThreadHierarchicalTestExecutorService.invokeAll(SameThreadHierarchicalTestExecutorService.java:41)
	at org.junit.platform.engine.support.hierarchical.NodeTestTask.lambda$executeRecursively$6(NodeTestTask.java:155)
	at org.junit.platform.engine.support.hierarchical.ThrowableCollector.execute(ThrowableCollector.java:73)
	at org.junit.platform.engine.support.hierarchical.NodeTestTask.lambda$executeRecursively$8(NodeTestTask.java:141)
	at org.junit.platform.engine.support.hierarchical.Node.around(Node.java:137)
	at org.junit.platform.engine.support.hierarchical.NodeTestTask.lambda$executeRecursively$9(NodeTestTask.java:139)
	at org.junit.platform.engine.support.hierarchical.ThrowableCollector.execute(ThrowableCollector.java:73)
	at org.junit.platform.engine.support.hierarchical.NodeTestTask.executeRecursively(NodeTestTask.java:138)
	at org.junit.platform.engine.support.hierarchical.NodeTestTask.execute(NodeTestTask.java:95)
	at java.base/java.util.ArrayList.forEach(ArrayList.java:1541)
	at org.junit.platform.engine.support.hierarchical.SameThreadHierarchicalTestExecutorService.invokeAll(SameThreadHierarchicalTestExecutorService.java:41)
	at org.junit.platform.engine.support.hierarchical.NodeTestTask.lambda$executeRecursively$6(NodeTestTask.java:155)
	at org.junit.platform.engine.support.hierarchical.ThrowableCollector.execute(ThrowableCollector.java:73)
	at org.junit.platform.engine.support.hierarchical.NodeTestTask.lambda$executeRecursively$8(NodeTestTask.java:141)
	at org.junit.platform.engine.support.hierarchical.Node.around(Node.java:137)
	at org.junit.platform.engine.support.hierarchical.NodeTestTask.lambda$executeRecursively$9(NodeTestTask.java:139)
	at org.junit.platform.engine.support.hierarchical.ThrowableCollector.execute(ThrowableCollector.java:73)
	at org.junit.platform.engine.support.hierarchical.NodeTestTask.executeRecursively(NodeTestTask.java:138)
	at org.junit.platform.engine.support.hierarchical.NodeTestTask.execute(NodeTestTask.java:95)
	at org.junit.platform.engine.support.hierarchical.SameThreadHierarchicalTestExecutorService.submit(SameThreadHierarchicalTestExecutorService.java:35)
	at org.junit.platform.engine.support.hierarchical.HierarchicalTestExecutor.execute(HierarchicalTestExecutor.java:57)
	at org.junit.platform.engine.support.hierarchical.HierarchicalTestEngine.execute(HierarchicalTestEngine.java:54)
	at org.junit.platform.launcher.core.DefaultLauncher.execute(DefaultLauncher.java:220)
	at org.junit.platform.launcher.core.DefaultLauncher.lambda$execute$6(DefaultLauncher.java:188)
	at org.junit.platform.launcher.core.DefaultLauncher.withInterceptedStreams(DefaultLauncher.java:202)
	at org.junit.platform.launcher.core.DefaultLauncher.execute(DefaultLauncher.java:181)
	at org.junit.platform.launcher.core.DefaultLauncher.execute(DefaultLauncher.java:128)
	at org.apache.maven.surefire.junitplatform.JUnitPlatformProvider.invokeAllTests(JUnitPlatformProvider.java:150)
	at org.apache.maven.surefire.junitplatform.JUnitPlatformProvider.invoke(JUnitPlatformProvider.java:124)
	at org.apache.maven.surefire.booter.ForkedBooter.invokeProviderInSameClassLoader(ForkedBooter.java:384)
	at org.apache.maven.surefire.booter.ForkedBooter.runSuitesInProcess(ForkedBooter.java:345)
	at org.apache.maven.surefire.booter.ForkedBooter.execute(ForkedBooter.java:126)
	at org.apache.maven.surefire.booter.ForkedBooter.main(ForkedBooter.java:418)
Caused by: org.eclipse.persistence.exceptions.DatabaseException: 
Internal Exception: org.postgresql.util.PSQLException: ERROR: duplicate key value violates unique constraint "student_email_key"
  Detail: Key (email)=(xtest@stuba.sk) already exists.
Error Code: 0
Call: INSERT INTO STUDENT (AISID, EMAIL, NAME, STUDYPROGRAMME, TERM, YEAR) VALUES (?, ?, ?, ?, ?, ?)
	bind => [665434, xtest@stuba.sk, Test-Student The Second, null, null, null]
Query: InsertObjectQuery(Student(aisId=665434, name=Test-Student The Second, email=xtest@stuba.sk, year=null, term=null, studyProgramme=null, thesis=null))
	at org.eclipse.persistence.exceptions.DatabaseException.sqlException(DatabaseException.java:342)
	at org.eclipse.persistence.internal.databaseaccess.DatabaseAccessor.processExceptionForCommError(DatabaseAccessor.java:1666)
	at org.eclipse.persistence.internal.databaseaccess.DatabaseAccessor.executeDirectNoSelect(DatabaseAccessor.java:915)
	at org.eclipse.persistence.internal.databaseaccess.DatabaseAccessor.executeNoSelect(DatabaseAccessor.java:979)
	at org.eclipse.persistence.internal.databaseaccess.DatabaseAccessor.basicExecuteCall(DatabaseAccessor.java:640)
	at org.eclipse.persistence.internal.databaseaccess.DatabaseAccessor.executeCall(DatabaseAccessor.java:567)
	at org.eclipse.persistence.internal.sessions.AbstractSession.basicExecuteCall(AbstractSession.java:2105)
	at org.eclipse.persistence.sessions.server.ClientSession.executeCall(ClientSession.java:313)
	at org.eclipse.persistence.internal.queries.DatasourceCallQueryMechanism.executeCall(DatasourceCallQueryMechanism.java:275)
	at org.eclipse.persistence.internal.queries.DatasourceCallQueryMechanism.executeCall(DatasourceCallQueryMechanism.java:261)
	at org.eclipse.persistence.internal.queries.DatasourceCallQueryMechanism.insertObject(DatasourceCallQueryMechanism.java:428)
	at org.eclipse.persistence.internal.queries.StatementQueryMechanism.insertObject(StatementQueryMechanism.java:168)
	at org.eclipse.persistence.internal.queries.StatementQueryMechanism.insertObject(StatementQueryMechanism.java:183)
	at org.eclipse.persistence.internal.queries.DatabaseQueryMechanism.insertObjectForWrite(DatabaseQueryMechanism.java:515)
	at org.eclipse.persistence.queries.InsertObjectQuery.executeCommit(InsertObjectQuery.java:85)
	at org.eclipse.persistence.queries.InsertObjectQuery.executeCommitWithChangeSet(InsertObjectQuery.java:95)
	at org.eclipse.persistence.internal.queries.DatabaseQueryMechanism.executeWriteWithChangeSet(DatabaseQueryMechanism.java:327)
	at org.eclipse.persistence.queries.WriteObjectQuery.executeDatabaseQuery(WriteObjectQuery.java:60)
	at org.eclipse.persistence.queries.DatabaseQuery.execute(DatabaseQuery.java:913)
	at org.eclipse.persistence.queries.DatabaseQuery.executeInUnitOfWork(DatabaseQuery.java:812)
	at org.eclipse.persistence.queries.ObjectLevelModifyQuery.executeInUnitOfWorkObjectLevelModifyQuery(ObjectLevelModifyQuery.java:110)
	at org.eclipse.persistence.queries.ObjectLevelModifyQuery.executeInUnitOfWork(ObjectLevelModifyQuery.java:87)
	at org.eclipse.persistence.internal.sessions.UnitOfWorkImpl.internalExecuteQuery(UnitOfWorkImpl.java:3004)
	at org.eclipse.persistence.internal.sessions.AbstractSession.executeQuery(AbstractSession.java:1898)
	at org.eclipse.persistence.internal.sessions.AbstractSession.executeQuery(AbstractSession.java:1880)
	at org.eclipse.persistence.internal.sessions.AbstractSession.executeQuery(AbstractSession.java:1830)
	at org.eclipse.persistence.internal.sessions.CommitManager.commitNewObjectsForClassWithChangeSet(CommitManager.java:229)
	at org.eclipse.persistence.internal.sessions.CommitManager.commitAllObjectsWithChangeSet(CommitManager.java:128)
	at org.eclipse.persistence.internal.sessions.AbstractSession.writeAllObjectsWithChangeSet(AbstractSession.java:4409)
	at org.eclipse.persistence.internal.sessions.UnitOfWorkImpl.commitToDatabase(UnitOfWorkImpl.java:1503)
	at org.eclipse.persistence.internal.sessions.UnitOfWorkImpl.commitToDatabaseWithChangeSet(UnitOfWorkImpl.java:1593)
	at org.eclipse.persistence.internal.sessions.RepeatableWriteUnitOfWork.commitRootUnitOfWork(RepeatableWriteUnitOfWork.java:280)
	at org.eclipse.persistence.internal.sessions.UnitOfWorkImpl.commitAndResume(UnitOfWorkImpl.java:1230)
	at org.eclipse.persistence.internal.jpa.transaction.EntityTransactionImpl.commit(EntityTransactionImpl.java:136)
	... 69 common frames omitted
Caused by: org.postgresql.util.PSQLException: ERROR: duplicate key value violates unique constraint "student_email_key"
  Detail: Key (email)=(xtest@stuba.sk) already exists.
	at org.postgresql.core.v3.QueryExecutorImpl.receiveErrorResponse(QueryExecutorImpl.java:2676)
	at org.postgresql.core.v3.QueryExecutorImpl.processResults(QueryExecutorImpl.java:2366)
	at org.postgresql.core.v3.QueryExecutorImpl.execute(QueryExecutorImpl.java:356)
	at org.postgresql.jdbc.PgStatement.executeInternal(PgStatement.java:496)
	at org.postgresql.jdbc.PgStatement.execute(PgStatement.java:413)
	at org.postgresql.jdbc.PgPreparedStatement.executeWithFlags(PgPreparedStatement.java:190)
	at org.postgresql.jdbc.PgPreparedStatement.executeUpdate(PgPreparedStatement.java:152)
	at org.eclipse.persistence.internal.databaseaccess.DatabaseAccessor.executeDirectNoSelect(DatabaseAccessor.java:907)
	... 100 common frames omitted
[EL Fine]: connection: 2023-03-25 00:10:01.849--ServerSession(1604020967)--Connection(999334666)--Thread(Thread[main,5,main])--disconnect
[EL Fine]: connection: 2023-03-25 00:10:01.849--ServerSession(1604020967)--Thread(Thread[main,5,main])--/file:/C:/Users/mlado/Documents/Projects/STUBA/VSA 23/vsa-testing-module/localTestRun/tested/target/classes/_vsa-project-1 logout successful
[INFO] Tests run: 6, Failures: 0, Errors: 0, Skipped: 0, Time elapsed: 1.984 s - in sk.stuba.fei.uim.vsa.pr1.StudentTest
[INFO] Running sk.stuba.fei.uim.vsa.pr1.TeacherTest
2023-03-25 00:10:01.883  INFO --- [           main] org.reflections.Reflections              : Reflections took 28 ms to scan 2 urls, producing 11 keys and 19 values
[EL Fine]: moxy: 2023-03-25 00:10:01.926--Thread(Thread[main,5,main])--SAXParserFactory instance: com.sun.org.apache.xerces.internal.jaxp.SAXParserFactoryImpl@7a34f66a
[EL Fine]: server: 2023-03-25 00:10:01.93--Thread(Thread[main,5,main])--Configured server platform: org.eclipse.persistence.platform.server.NoServerPlatform
[EL Config]: metadata: 2023-03-25 00:10:01.991--ServerSession(793808700)--Thread(Thread[main,5,main])--The access type for the persistent class [class sk.stuba.fei.uim.vsa.pr1.solution.Teacher] is set to [FIELD].
[EL Config]: metadata: 2023-03-25 00:10:01.993--ServerSession(793808700)--Thread(Thread[main,5,main])--The target entity (reference) class for the one to many mapping element [field supervisedTheses] is being defaulted to: class sk.stuba.fei.uim.vsa.pr1.solution.Thesis.
[EL Config]: metadata: 2023-03-25 00:10:01.995--ServerSession(793808700)--Thread(Thread[main,5,main])--The access type for the persistent class [class sk.stuba.fei.uim.vsa.pr1.solution.Thesis] is set to [FIELD].
[EL Config]: metadata: 2023-03-25 00:10:01.995--ServerSession(793808700)--Thread(Thread[main,5,main])--The target entity (reference) class for the one to one mapping element [field author] is being defaulted to: class sk.stuba.fei.uim.vsa.pr1.solution.Student.
[EL Config]: metadata: 2023-03-25 00:10:01.999--ServerSession(793808700)--Thread(Thread[main,5,main])--The target entity (reference) class for the many to one mapping element [field supervisor] is being defaulted to: class sk.stuba.fei.uim.vsa.pr1.solution.Teacher.
[EL Config]: metadata: 2023-03-25 00:10:02.001--ServerSession(793808700)--Thread(Thread[main,5,main])--The access type for the persistent class [class sk.stuba.fei.uim.vsa.pr1.solution.Student] is set to [FIELD].
[EL Config]: metadata: 2023-03-25 00:10:02.002--ServerSession(793808700)--Thread(Thread[main,5,main])--The target entity (reference) class for the one to one mapping element [field thesis] is being defaulted to: class sk.stuba.fei.uim.vsa.pr1.solution.Thesis.
[EL Config]: metadata: 2023-03-25 00:10:02.003--ServerSession(793808700)--Thread(Thread[main,5,main])--The alias name for the entity class [class sk.stuba.fei.uim.vsa.pr1.solution.Teacher] is being defaulted to: Teacher.
[EL Config]: metadata: 2023-03-25 00:10:02.003--ServerSession(793808700)--Thread(Thread[main,5,main])--The column name for element [name] is being defaulted to: NAME.
[EL Config]: metadata: 2023-03-25 00:10:02.004--ServerSession(793808700)--Thread(Thread[main,5,main])--The column name for element [institute] is being defaulted to: INSTITUTE.
[EL Config]: metadata: 2023-03-25 00:10:02.004--ServerSession(793808700)--Thread(Thread[main,5,main])--The column name for element [department] is being defaulted to: DEPARTMENT.
[EL Config]: metadata: 2023-03-25 00:10:02.004--ServerSession(793808700)--Thread(Thread[main,5,main])--The column name for element [aisId] is being defaulted to: AISID.
[EL Config]: metadata: 2023-03-25 00:10:02.004--ServerSession(793808700)--Thread(Thread[main,5,main])--The column name for element [email] is being defaulted to: EMAIL.
[EL Config]: metadata: 2023-03-25 00:10:02.004--ServerSession(793808700)--Thread(Thread[main,5,main])--The alias name for the entity class [class sk.stuba.fei.uim.vsa.pr1.solution.Thesis] is being defaulted to: Thesis.
[EL Config]: metadata: 2023-03-25 00:10:02.004--ServerSession(793808700)--Thread(Thread[main,5,main])--The column name for element [registrationNumber] is being defaulted to: REGISTRATIONNUMBER.
[EL Config]: metadata: 2023-03-25 00:10:02.004--ServerSession(793808700)--Thread(Thread[main,5,main])--The column name for element [description] is being defaulted to: DESCRIPTION.
[EL Config]: metadata: 2023-03-25 00:10:02.005--ServerSession(793808700)--Thread(Thread[main,5,main])--The column name for element [publishedOn] is being defaulted to: PUBLISHEDON.
[EL Config]: metadata: 2023-03-25 00:10:02.005--ServerSession(793808700)--Thread(Thread[main,5,main])--The column name for element [id] is being defaulted to: ID.
[EL Config]: metadata: 2023-03-25 00:10:02.005--ServerSession(793808700)--Thread(Thread[main,5,main])--The column name for element [title] is being defaulted to: TITLE.
[EL Config]: metadata: 2023-03-25 00:10:02.005--ServerSession(793808700)--Thread(Thread[main,5,main])--The column name for element [type] is being defaulted to: TYPE.
[EL Config]: metadata: 2023-03-25 00:10:02.006--ServerSession(793808700)--Thread(Thread[main,5,main])--The column name for element [department] is being defaulted to: DEPARTMENT.
[EL Config]: metadata: 2023-03-25 00:10:02.006--ServerSession(793808700)--Thread(Thread[main,5,main])--The column name for element [deadline] is being defaulted to: DEADLINE.
[EL Config]: metadata: 2023-03-25 00:10:02.006--ServerSession(793808700)--Thread(Thread[main,5,main])--The column name for element [status] is being defaulted to: STATUS.
[EL Config]: metadata: 2023-03-25 00:10:02.006--ServerSession(793808700)--Thread(Thread[main,5,main])--The alias name for the entity class [class sk.stuba.fei.uim.vsa.pr1.solution.Student] is being defaulted to: Student.
[EL Config]: metadata: 2023-03-25 00:10:02.007--ServerSession(793808700)--Thread(Thread[main,5,main])--The column name for element [studyProgramme] is being defaulted to: STUDYPROGRAMME.
[EL Config]: metadata: 2023-03-25 00:10:02.007--ServerSession(793808700)--Thread(Thread[main,5,main])--The column name for element [year] is being defaulted to: YEAR.
[EL Config]: metadata: 2023-03-25 00:10:02.007--ServerSession(793808700)--Thread(Thread[main,5,main])--The column name for element [name] is being defaulted to: NAME.
[EL Config]: metadata: 2023-03-25 00:10:02.009--ServerSession(793808700)--Thread(Thread[main,5,main])--The column name for element [term] is being defaulted to: TERM.
[EL Config]: metadata: 2023-03-25 00:10:02.009--ServerSession(793808700)--Thread(Thread[main,5,main])--The column name for element [aisId] is being defaulted to: AISID.
[EL Config]: metadata: 2023-03-25 00:10:02.009--ServerSession(793808700)--Thread(Thread[main,5,main])--The column name for element [email] is being defaulted to: EMAIL.
[EL Config]: metadata: 2023-03-25 00:10:02.01--ServerSession(793808700)--Thread(Thread[main,5,main])--The primary key column name for the mapping element [field author] is being defaulted to: AISID.
[EL Config]: metadata: 2023-03-25 00:10:02.01--ServerSession(793808700)--Thread(Thread[main,5,main])--The foreign key column name for the mapping element [author] is being defaulted to: AUTHOR_AISID.
[EL Config]: metadata: 2023-03-25 00:10:02.01--ServerSession(793808700)--Thread(Thread[main,5,main])--The primary key column name for the mapping element [field supervisor] is being defaulted to: AISID.
[EL Config]: metadata: 2023-03-25 00:10:02.011--ServerSession(793808700)--Thread(Thread[main,5,main])--The foreign key column name for the mapping element [supervisor] is being defaulted to: SUPERVISOR_AISID.
[EL Info]: 2023-03-25 00:10:02.021--ServerSession(793808700)--Thread(Thread[main,5,main])--EclipseLink, version: Eclipse Persistence Services - 2.7.11.v20220804-52dea2a3c0
[EL Fine]: connection: 2023-03-25 00:10:02.022--ServerSession(793808700)--Connection(1592601990)--Thread(Thread[main,5,main])--connecting(DatabaseLogin(
	platform=>PostgreSQLPlatform
	user name=> "vsa"
	datasource URL=> "jdbc:postgresql://localhost:5432/vsa_pr1"
))
[EL Config]: connection: 2023-03-25 00:10:02.084--ServerSession(793808700)--Connection(1329492804)--Thread(Thread[main,5,main])--Connected: jdbc:postgresql://localhost:5432/vsa_pr1
	User: vsa
	Database: PostgreSQL  Version: 15.2 (Debian 15.2-1.pgdg110+1)
	Driver: PostgreSQL JDBC Driver  Version: 42.5.4
[EL Warning]: metadata: 2023-03-25 00:10:02.085--ServerSession(793808700)--Thread(Thread[main,5,main])--Reverting the lazy setting on the OneToOne or ManyToOne attribute [thesis] for the entity class [class sk.stuba.fei.uim.vsa.pr1.solution.Student] since weaving was not enabled or did not occur.
[EL Fine]: connection: 2023-03-25 00:10:02.092--ServerSession(793808700)--Thread(Thread[main,5,main])--/file:/C:/Users/mlado/Documents/Projects/STUBA/VSA 23/vsa-testing-module/localTestRun/tested/target/classes/_vsa-project-1 login successful
[EL Fine]: sql: 2023-03-25 00:10:02.094--ServerSession(793808700)--Connection(1329492804)--Thread(Thread[main,5,main])--ALTER TABLE THESIS DROP CONSTRAINT FK_THESIS_SUPERVISOR_AISID
[EL Fine]: sql: 2023-03-25 00:10:02.119--ServerSession(793808700)--Connection(1329492804)--Thread(Thread[main,5,main])--ALTER TABLE THESIS DROP CONSTRAINT FK_THESIS_AUTHOR_AISID
[EL Fine]: sql: 2023-03-25 00:10:02.129--ServerSession(793808700)--Connection(1329492804)--Thread(Thread[main,5,main])--DROP TABLE STUDENT CASCADE
[EL Fine]: sql: 2023-03-25 00:10:02.139--ServerSession(793808700)--Connection(1329492804)--Thread(Thread[main,5,main])--DROP TABLE TEACHER CASCADE
[EL Fine]: sql: 2023-03-25 00:10:02.149--ServerSession(793808700)--Connection(1329492804)--Thread(Thread[main,5,main])--DROP TABLE THESIS CASCADE
[EL Fine]: sql: 2023-03-25 00:10:02.181--ServerSession(793808700)--Connection(1329492804)--Thread(Thread[main,5,main])--DELETE FROM SEQUENCE WHERE SEQ_NAME = 'SEQ_GEN'
[EL Fine]: sql: 2023-03-25 00:10:02.214--ServerSession(793808700)--Connection(1329492804)--Thread(Thread[main,5,main])--CREATE TABLE STUDENT (AISID BIGINT NOT NULL, EMAIL VARCHAR(255) NOT NULL UNIQUE, NAME VARCHAR(255) NOT NULL, STUDYPROGRAMME VARCHAR(255), TERM INTEGER, YEAR INTEGER, PRIMARY KEY (AISID))
[EL Fine]: sql: 2023-03-25 00:10:02.338--ServerSession(793808700)--Connection(1329492804)--Thread(Thread[main,5,main])--CREATE TABLE TEACHER (AISID BIGINT NOT NULL, DEPARTMENT VARCHAR(255) NOT NULL, EMAIL VARCHAR(255) NOT NULL UNIQUE, INSTITUTE VARCHAR(255), NAME VARCHAR(255) NOT NULL, PRIMARY KEY (AISID))
[EL Fine]: sql: 2023-03-25 00:10:02.38--ServerSession(793808700)--Connection(1329492804)--Thread(Thread[main,5,main])--CREATE TABLE THESIS (ID BIGINT NOT NULL, DEADLINE DATE, DEPARTMENT VARCHAR(255), DESCRIPTION VARCHAR(255), PUBLISHEDON DATE NOT NULL, REGISTRATIONNUMBER VARCHAR(255) NOT NULL UNIQUE, STATUS VARCHAR(255), TITLE VARCHAR(255) NOT NULL, TYPE VARCHAR(255), SUPERVISOR_AISID BIGINT NOT NULL, AUTHOR_AISID BIGINT, PRIMARY KEY (ID))
[EL Fine]: sql: 2023-03-25 00:10:02.411--ServerSession(793808700)--Connection(1329492804)--Thread(Thread[main,5,main])--ALTER TABLE THESIS ADD CONSTRAINT FK_THESIS_SUPERVISOR_AISID FOREIGN KEY (SUPERVISOR_AISID) REFERENCES TEACHER (AISID)
[EL Fine]: sql: 2023-03-25 00:10:02.421--ServerSession(793808700)--Connection(1329492804)--Thread(Thread[main,5,main])--ALTER TABLE THESIS ADD CONSTRAINT FK_THESIS_AUTHOR_AISID FOREIGN KEY (AUTHOR_AISID) REFERENCES STUDENT (AISID)
[EL Fine]: sql: 2023-03-25 00:10:02.433--ServerSession(793808700)--Connection(1329492804)--Thread(Thread[main,5,main])--SELECT * FROM SEQUENCE WHERE SEQ_NAME = 'SEQ_GEN'
[EL Fine]: sql: 2023-03-25 00:10:02.436--ServerSession(793808700)--Connection(1329492804)--Thread(Thread[main,5,main])--INSERT INTO SEQUENCE(SEQ_NAME, SEQ_COUNT) values ('SEQ_GEN', 0)
2023-03-25 00:10:02.445  INFO --- [           main] s.stuba.fei.uim.vsa.pr1.utils.TestUtils  : Thesis service class: sk.stuba.fei.uim.vsa.pr1.solution.ThesisService
[EL Fine]: sql: 2023-03-25 00:10:02.653--ClientSession(1415937490)--Connection(1329492804)--Thread(Thread[main,5,main])--INSERT INTO TEACHER (AISID, DEPARTMENT, EMAIL, INSTITUTE, NAME) VALUES (?, ?, ?, ?, ?)
	bind => [80123, Software engineering, test.teacher@stuba.sk, Software engineering, Test-Teacher]
[EL Fine]: sql: 2023-03-25 00:10:02.666--ServerSession(793808700)--Connection(1329492804)--Thread(Thread[main,5,main])--SELECT ID, DEADLINE, DEPARTMENT, DESCRIPTION, PUBLISHEDON, REGISTRATIONNUMBER, STATUS, TITLE, TYPE, SUPERVISOR_AISID, AUTHOR_AISID FROM THESIS WHERE (SUPERVISOR_AISID = ?)
	bind => [80123]
[EL Fine]: sql: 2023-03-25 00:10:02.675--ClientSession(1702178880)--Connection(1329492804)--Thread(Thread[main,5,main])--DELETE FROM TEACHER WHERE (AISID = ?)
	bind => [80123]
[EL Fine]: sql: 2023-03-25 00:10:02.685--ServerSession(793808700)--Connection(1329492804)--Thread(Thread[main,5,main])--SELECT AISID, DEPARTMENT, EMAIL, INSTITUTE, NAME FROM TEACHER WHERE (AISID = ?)
	bind => [80123]
[EL Fine]: sql: 2023-03-25 00:10:02.8--ClientSession(2078517710)--Connection(1329492804)--Thread(Thread[main,5,main])--INSERT INTO TEACHER (AISID, DEPARTMENT, EMAIL, INSTITUTE, NAME) VALUES (?, ?, ?, ?, ?)
	bind => [80123, Software engineering, test.teacher@stuba.sk, Software engineering, Test-Teacher]
[EL Fine]: sql: 2023-03-25 00:10:02.809--ClientSession(1309956586)--Connection(1329492804)--Thread(Thread[main,5,main])--INSERT INTO TEACHER (AISID, DEPARTMENT, EMAIL, INSTITUTE, NAME) VALUES (?, ?, ?, ?, ?)
	bind => [999234, Mathematics, test.teacher.second@stuba.sk, Mathematics, Test-Teacher the Second]
[EL Fine]: sql: 2023-03-25 00:10:02.818--ServerSession(793808700)--Connection(1329492804)--Thread(Thread[main,5,main])--SELECT AISID, DEPARTMENT, EMAIL, INSTITUTE, NAME FROM TEACHER
[EL Fine]: sql: 2023-03-25 00:10:02.919--ClientSession(765420745)--Connection(1329492804)--Thread(Thread[main,5,main])--INSERT INTO TEACHER (AISID, DEPARTMENT, EMAIL, INSTITUTE, NAME) VALUES (?, ?, ?, ?, ?)
	bind => [80123, Software engineering, test.teacher@stuba.sk, Software engineering, Test-Teacher]
[EL Fine]: sql: 2023-03-25 00:10:03.019--ClientSession(1680365850)--Connection(1329492804)--Thread(Thread[main,5,main])--INSERT INTO TEACHER (AISID, DEPARTMENT, EMAIL, INSTITUTE, NAME) VALUES (?, ?, ?, ?, ?)
	bind => [80123, Software engineering, test.teacher@stuba.sk, Software engineering, Test-Teacher]
[EL Fine]: sql: 2023-03-25 00:10:03.026--ClientSession(276777344)--Connection(1329492804)--Thread(Thread[main,5,main])--INSERT INTO TEACHER (AISID, DEPARTMENT, EMAIL, INSTITUTE, NAME) VALUES (?, ?, ?, ?, ?)
	bind => [999234, Mathematics, test.teacher@stuba.sk, Mathematics, Test-Teacher the Second]
[EL Fine]: sql: 2023-03-25 00:10:03.029--ClientSession(276777344)--Thread(Thread[main,5,main])--SELECT 1
[EL Warning]: 2023-03-25 00:10:03.031--UnitOfWork(1973491942)--Thread(Thread[main,5,main])--Exception [EclipseLink-4002] (Eclipse Persistence Services - 2.7.11.v20220804-52dea2a3c0): org.eclipse.persistence.exceptions.DatabaseException
Internal Exception: org.postgresql.util.PSQLException: ERROR: duplicate key value violates unique constraint "teacher_email_key"
  Detail: Key (email)=(test.teacher@stuba.sk) already exists.
Error Code: 0
Call: INSERT INTO TEACHER (AISID, DEPARTMENT, EMAIL, INSTITUTE, NAME) VALUES (?, ?, ?, ?, ?)
	bind => [999234, Mathematics, test.teacher@stuba.sk, Mathematics, Test-Teacher the Second]
Query: InsertObjectQuery(Teacher(aisId=999234, name=Test-Teacher the Second, email=test.teacher@stuba.sk, institute=Mathematics, department=Mathematics, supervisedTheses={[]}))
[EL Fine]: connection: 2023-03-25 00:10:03.032--ServerSession(793808700)--Connection(1329492804)--Thread(Thread[main,5,main])--disconnect
2023-03-25 00:10:03.033 ERROR --- [           main] s.s.f.uim.vsa.pr1.AbstractThesisService  : Exception [EclipseLink-4002] (Eclipse Persistence Services - 2.7.11.v20220804-52dea2a3c0): org.eclipse.persistence.exceptions.DatabaseException
Internal Exception: org.postgresql.util.PSQLException: ERROR: duplicate key value violates unique constraint "teacher_email_key"
  Detail: Key (email)=(test.teacher@stuba.sk) already exists.
Error Code: 0
Call: INSERT INTO TEACHER (AISID, DEPARTMENT, EMAIL, INSTITUTE, NAME) VALUES (?, ?, ?, ?, ?)
	bind => [999234, Mathematics, test.teacher@stuba.sk, Mathematics, Test-Teacher the Second]
Query: InsertObjectQuery(Teacher(aisId=999234, name=Test-Teacher the Second, email=test.teacher@stuba.sk, institute=Mathematics, department=Mathematics, supervisedTheses={[]}))
javax.persistence.RollbackException: Exception [EclipseLink-4002] (Eclipse Persistence Services - 2.7.11.v20220804-52dea2a3c0): org.eclipse.persistence.exceptions.DatabaseException
Internal Exception: org.postgresql.util.PSQLException: ERROR: duplicate key value violates unique constraint "teacher_email_key"
  Detail: Key (email)=(test.teacher@stuba.sk) already exists.
Error Code: 0
Call: INSERT INTO TEACHER (AISID, DEPARTMENT, EMAIL, INSTITUTE, NAME) VALUES (?, ?, ?, ?, ?)
	bind => [999234, Mathematics, test.teacher@stuba.sk, Mathematics, Test-Teacher the Second]
Query: InsertObjectQuery(Teacher(aisId=999234, name=Test-Teacher the Second, email=test.teacher@stuba.sk, institute=Mathematics, department=Mathematics, supervisedTheses={[]}))
	at org.eclipse.persistence.internal.jpa.transaction.EntityTransactionImpl.commit(EntityTransactionImpl.java:161)
	at sk.stuba.fei.uim.vsa.pr1.solution.ThesisService.create(ThesisService.java:295)
	at sk.stuba.fei.uim.vsa.pr1.solution.ThesisService.createTeacher(ThesisService.java:74)
	at sk.stuba.fei.uim.vsa.pr1.solution.ThesisService.createTeacher(ThesisService.java:20)
	at sk.stuba.fei.uim.vsa.pr1.TeacherTest.TE06_emailShouldBeUnique(TeacherTest.java:152)
	at java.base/jdk.internal.reflect.NativeMethodAccessorImpl.invoke0(Native Method)
	at java.base/jdk.internal.reflect.NativeMethodAccessorImpl.invoke(NativeMethodAccessorImpl.java:62)
	at java.base/jdk.internal.reflect.DelegatingMethodAccessorImpl.invoke(DelegatingMethodAccessorImpl.java:43)
	at java.base/java.lang.reflect.Method.invoke(Method.java:566)
	at org.junit.platform.commons.util.ReflectionUtils.invokeMethod(ReflectionUtils.java:725)
	at org.junit.jupiter.engine.execution.MethodInvocation.proceed(MethodInvocation.java:60)
	at org.junit.jupiter.engine.execution.InvocationInterceptorChain$ValidatingInvocation.proceed(InvocationInterceptorChain.java:131)
	at org.junit.jupiter.engine.extension.TimeoutExtension.intercept(TimeoutExtension.java:149)
	at org.junit.jupiter.engine.extension.TimeoutExtension.interceptTestableMethod(TimeoutExtension.java:140)
	at org.junit.jupiter.engine.extension.TimeoutExtension.interceptTestMethod(TimeoutExtension.java:84)
	at org.junit.jupiter.engine.execution.ExecutableInvoker$ReflectiveInterceptorCall.lambda$ofVoidMethod$0(ExecutableInvoker.java:115)
	at org.junit.jupiter.engine.execution.ExecutableInvoker.lambda$invoke$0(ExecutableInvoker.java:105)
	at org.junit.jupiter.engine.execution.InvocationInterceptorChain$InterceptedInvocation.proceed(InvocationInterceptorChain.java:106)
	at org.junit.jupiter.engine.execution.InvocationInterceptorChain.proceed(InvocationInterceptorChain.java:64)
	at org.junit.jupiter.engine.execution.InvocationInterceptorChain.chainAndInvoke(InvocationInterceptorChain.java:45)
	at org.junit.jupiter.engine.execution.InvocationInterceptorChain.invoke(InvocationInterceptorChain.java:37)
	at org.junit.jupiter.engine.execution.ExecutableInvoker.invoke(ExecutableInvoker.java:104)
	at org.junit.jupiter.engine.execution.ExecutableInvoker.invoke(ExecutableInvoker.java:98)
	at org.junit.jupiter.engine.descriptor.TestMethodTestDescriptor.lambda$invokeTestMethod$7(TestMethodTestDescriptor.java:214)
	at org.junit.platform.engine.support.hierarchical.ThrowableCollector.execute(ThrowableCollector.java:73)
	at org.junit.jupiter.engine.descriptor.TestMethodTestDescriptor.invokeTestMethod(TestMethodTestDescriptor.java:210)
	at org.junit.jupiter.engine.descriptor.TestMethodTestDescriptor.execute(TestMethodTestDescriptor.java:135)
	at org.junit.jupiter.engine.descriptor.TestMethodTestDescriptor.execute(TestMethodTestDescriptor.java:66)
	at org.junit.platform.engine.support.hierarchical.NodeTestTask.lambda$executeRecursively$6(NodeTestTask.java:151)
	at org.junit.platform.engine.support.hierarchical.ThrowableCollector.execute(ThrowableCollector.java:73)
	at org.junit.platform.engine.support.hierarchical.NodeTestTask.lambda$executeRecursively$8(NodeTestTask.java:141)
	at org.junit.platform.engine.support.hierarchical.Node.around(Node.java:137)
	at org.junit.platform.engine.support.hierarchical.NodeTestTask.lambda$executeRecursively$9(NodeTestTask.java:139)
	at org.junit.platform.engine.support.hierarchical.ThrowableCollector.execute(ThrowableCollector.java:73)
	at org.junit.platform.engine.support.hierarchical.NodeTestTask.executeRecursively(NodeTestTask.java:138)
	at org.junit.platform.engine.support.hierarchical.NodeTestTask.execute(NodeTestTask.java:95)
	at java.base/java.util.ArrayList.forEach(ArrayList.java:1541)
	at org.junit.platform.engine.support.hierarchical.SameThreadHierarchicalTestExecutorService.invokeAll(SameThreadHierarchicalTestExecutorService.java:41)
	at org.junit.platform.engine.support.hierarchical.NodeTestTask.lambda$executeRecursively$6(NodeTestTask.java:155)
	at org.junit.platform.engine.support.hierarchical.ThrowableCollector.execute(ThrowableCollector.java:73)
	at org.junit.platform.engine.support.hierarchical.NodeTestTask.lambda$executeRecursively$8(NodeTestTask.java:141)
	at org.junit.platform.engine.support.hierarchical.Node.around(Node.java:137)
	at org.junit.platform.engine.support.hierarchical.NodeTestTask.lambda$executeRecursively$9(NodeTestTask.java:139)
	at org.junit.platform.engine.support.hierarchical.ThrowableCollector.execute(ThrowableCollector.java:73)
	at org.junit.platform.engine.support.hierarchical.NodeTestTask.executeRecursively(NodeTestTask.java:138)
	at org.junit.platform.engine.support.hierarchical.NodeTestTask.execute(NodeTestTask.java:95)
	at java.base/java.util.ArrayList.forEach(ArrayList.java:1541)
	at org.junit.platform.engine.support.hierarchical.SameThreadHierarchicalTestExecutorService.invokeAll(SameThreadHierarchicalTestExecutorService.java:41)
	at org.junit.platform.engine.support.hierarchical.NodeTestTask.lambda$executeRecursively$6(NodeTestTask.java:155)
	at org.junit.platform.engine.support.hierarchical.ThrowableCollector.execute(ThrowableCollector.java:73)
	at org.junit.platform.engine.support.hierarchical.NodeTestTask.lambda$executeRecursively$8(NodeTestTask.java:141)
	at org.junit.platform.engine.support.hierarchical.Node.around(Node.java:137)
	at org.junit.platform.engine.support.hierarchical.NodeTestTask.lambda$executeRecursively$9(NodeTestTask.java:139)
	at org.junit.platform.engine.support.hierarchical.ThrowableCollector.execute(ThrowableCollector.java:73)
	at org.junit.platform.engine.support.hierarchical.NodeTestTask.executeRecursively(NodeTestTask.java:138)
	at org.junit.platform.engine.support.hierarchical.NodeTestTask.execute(NodeTestTask.java:95)
	at org.junit.platform.engine.support.hierarchical.SameThreadHierarchicalTestExecutorService.submit(SameThreadHierarchicalTestExecutorService.java:35)
	at org.junit.platform.engine.support.hierarchical.HierarchicalTestExecutor.execute(HierarchicalTestExecutor.java:57)
	at org.junit.platform.engine.support.hierarchical.HierarchicalTestEngine.execute(HierarchicalTestEngine.java:54)
	at org.junit.platform.launcher.core.DefaultLauncher.execute(DefaultLauncher.java:220)
	at org.junit.platform.launcher.core.DefaultLauncher.lambda$execute$6(DefaultLauncher.java:188)
	at org.junit.platform.launcher.core.DefaultLauncher.withInterceptedStreams(DefaultLauncher.java:202)
	at org.junit.platform.launcher.core.DefaultLauncher.execute(DefaultLauncher.java:181)
	at org.junit.platform.launcher.core.DefaultLauncher.execute(DefaultLauncher.java:128)
	at org.apache.maven.surefire.junitplatform.JUnitPlatformProvider.invokeAllTests(JUnitPlatformProvider.java:150)
	at org.apache.maven.surefire.junitplatform.JUnitPlatformProvider.invoke(JUnitPlatformProvider.java:124)
	at org.apache.maven.surefire.booter.ForkedBooter.invokeProviderInSameClassLoader(ForkedBooter.java:384)
	at org.apache.maven.surefire.booter.ForkedBooter.runSuitesInProcess(ForkedBooter.java:345)
	at org.apache.maven.surefire.booter.ForkedBooter.execute(ForkedBooter.java:126)
	at org.apache.maven.surefire.booter.ForkedBooter.main(ForkedBooter.java:418)
Caused by: org.eclipse.persistence.exceptions.DatabaseException: 
Internal Exception: org.postgresql.util.PSQLException: ERROR: duplicate key value violates unique constraint "teacher_email_key"
  Detail: Key (email)=(test.teacher@stuba.sk) already exists.
Error Code: 0
Call: INSERT INTO TEACHER (AISID, DEPARTMENT, EMAIL, INSTITUTE, NAME) VALUES (?, ?, ?, ?, ?)
	bind => [999234, Mathematics, test.teacher@stuba.sk, Mathematics, Test-Teacher the Second]
Query: InsertObjectQuery(Teacher(aisId=999234, name=Test-Teacher the Second, email=test.teacher@stuba.sk, institute=Mathematics, department=Mathematics, supervisedTheses={[]}))
	at org.eclipse.persistence.exceptions.DatabaseException.sqlException(DatabaseException.java:342)
	at org.eclipse.persistence.internal.databaseaccess.DatabaseAccessor.processExceptionForCommError(DatabaseAccessor.java:1666)
	at org.eclipse.persistence.internal.databaseaccess.DatabaseAccessor.executeDirectNoSelect(DatabaseAccessor.java:915)
	at org.eclipse.persistence.internal.databaseaccess.DatabaseAccessor.executeNoSelect(DatabaseAccessor.java:979)
	at org.eclipse.persistence.internal.databaseaccess.DatabaseAccessor.basicExecuteCall(DatabaseAccessor.java:640)
	at org.eclipse.persistence.internal.databaseaccess.DatabaseAccessor.executeCall(DatabaseAccessor.java:567)
	at org.eclipse.persistence.internal.sessions.AbstractSession.basicExecuteCall(AbstractSession.java:2105)
	at org.eclipse.persistence.sessions.server.ClientSession.executeCall(ClientSession.java:313)
	at org.eclipse.persistence.internal.queries.DatasourceCallQueryMechanism.executeCall(DatasourceCallQueryMechanism.java:275)
	at org.eclipse.persistence.internal.queries.DatasourceCallQueryMechanism.executeCall(DatasourceCallQueryMechanism.java:261)
	at org.eclipse.persistence.internal.queries.DatasourceCallQueryMechanism.insertObject(DatasourceCallQueryMechanism.java:428)
	at org.eclipse.persistence.internal.queries.StatementQueryMechanism.insertObject(StatementQueryMechanism.java:168)
	at org.eclipse.persistence.internal.queries.StatementQueryMechanism.insertObject(StatementQueryMechanism.java:183)
	at org.eclipse.persistence.internal.queries.DatabaseQueryMechanism.insertObjectForWrite(DatabaseQueryMechanism.java:515)
	at org.eclipse.persistence.queries.InsertObjectQuery.executeCommit(InsertObjectQuery.java:85)
	at org.eclipse.persistence.queries.InsertObjectQuery.executeCommitWithChangeSet(InsertObjectQuery.java:95)
	at org.eclipse.persistence.internal.queries.DatabaseQueryMechanism.executeWriteWithChangeSet(DatabaseQueryMechanism.java:327)
	at org.eclipse.persistence.queries.WriteObjectQuery.executeDatabaseQuery(WriteObjectQuery.java:60)
	at org.eclipse.persistence.queries.DatabaseQuery.execute(DatabaseQuery.java:913)
	at org.eclipse.persistence.queries.DatabaseQuery.executeInUnitOfWork(DatabaseQuery.java:812)
	at org.eclipse.persistence.queries.ObjectLevelModifyQuery.executeInUnitOfWorkObjectLevelModifyQuery(ObjectLevelModifyQuery.java:110)
	at org.eclipse.persistence.queries.ObjectLevelModifyQuery.executeInUnitOfWork(ObjectLevelModifyQuery.java:87)
	at org.eclipse.persistence.internal.sessions.UnitOfWorkImpl.internalExecuteQuery(UnitOfWorkImpl.java:3004)
	at org.eclipse.persistence.internal.sessions.AbstractSession.executeQuery(AbstractSession.java:1898)
	at org.eclipse.persistence.internal.sessions.AbstractSession.executeQuery(AbstractSession.java:1880)
	at org.eclipse.persistence.internal.sessions.AbstractSession.executeQuery(AbstractSession.java:1830)
	at org.eclipse.persistence.internal.sessions.CommitManager.commitNewObjectsForClassWithChangeSet(CommitManager.java:229)
	at org.eclipse.persistence.internal.sessions.CommitManager.commitAllObjectsWithChangeSet(CommitManager.java:128)
	at org.eclipse.persistence.internal.sessions.AbstractSession.writeAllObjectsWithChangeSet(AbstractSession.java:4409)
	at org.eclipse.persistence.internal.sessions.UnitOfWorkImpl.commitToDatabase(UnitOfWorkImpl.java:1503)
	at org.eclipse.persistence.internal.sessions.UnitOfWorkImpl.commitToDatabaseWithChangeSet(UnitOfWorkImpl.java:1593)
	at org.eclipse.persistence.internal.sessions.RepeatableWriteUnitOfWork.commitRootUnitOfWork(RepeatableWriteUnitOfWork.java:280)
	at org.eclipse.persistence.internal.sessions.UnitOfWorkImpl.commitAndResume(UnitOfWorkImpl.java:1230)
	at org.eclipse.persistence.internal.jpa.transaction.EntityTransactionImpl.commit(EntityTransactionImpl.java:136)
	... 69 common frames omitted
Caused by: org.postgresql.util.PSQLException: ERROR: duplicate key value violates unique constraint "teacher_email_key"
  Detail: Key (email)=(test.teacher@stuba.sk) already exists.
	at org.postgresql.core.v3.QueryExecutorImpl.receiveErrorResponse(QueryExecutorImpl.java:2676)
	at org.postgresql.core.v3.QueryExecutorImpl.processResults(QueryExecutorImpl.java:2366)
	at org.postgresql.core.v3.QueryExecutorImpl.execute(QueryExecutorImpl.java:356)
	at org.postgresql.jdbc.PgStatement.executeInternal(PgStatement.java:496)
	at org.postgresql.jdbc.PgStatement.execute(PgStatement.java:413)
	at org.postgresql.jdbc.PgPreparedStatement.executeWithFlags(PgPreparedStatement.java:190)
	at org.postgresql.jdbc.PgPreparedStatement.executeUpdate(PgPreparedStatement.java:152)
	at org.eclipse.persistence.internal.databaseaccess.DatabaseAccessor.executeDirectNoSelect(DatabaseAccessor.java:907)
	... 100 common frames omitted
[EL Fine]: connection: 2023-03-25 00:10:03.143--ServerSession(793808700)--Connection(1809456409)--Thread(Thread[main,5,main])--connecting(DatabaseLogin(
	platform=>PostgreSQLPlatform
	user name=> "vsa"
	datasource URL=> "jdbc:postgresql://localhost:5432/vsa_pr1"
))
[EL Config]: connection: 2023-03-25 00:10:03.163--ServerSession(793808700)--Connection(684220724)--Thread(Thread[main,5,main])--Connected: jdbc:postgresql://localhost:5432/vsa_pr1
	User: vsa
	Database: PostgreSQL  Version: 15.2 (Debian 15.2-1.pgdg110+1)
	Driver: PostgreSQL JDBC Driver  Version: 42.5.4
[EL Fine]: sql: 2023-03-25 00:10:03.163--ClientSession(1150480094)--Connection(684220724)--Thread(Thread[main,5,main])--INSERT INTO TEACHER (AISID, DEPARTMENT, EMAIL, INSTITUTE, NAME) VALUES (?, ?, ?, ?, ?)
	bind => [80123, Software engineering, test.teacher@stuba.sk, Software engineering, Test-Teacher]
[EL Fine]: sql: 2023-03-25 00:10:03.27--ServerSession(793808700)--Thread(Thread[main,5,main])--SELECT 1
[EL Fine]: sql: 2023-03-25 00:10:03.273--ClientSession(254315540)--Connection(684220724)--Thread(Thread[main,5,main])--INSERT INTO TEACHER (AISID, DEPARTMENT, EMAIL, INSTITUTE, NAME) VALUES (?, ?, ?, ?, ?)
	bind => [80123, Software engineering, test.teacher@stuba.sk, Software engineering, Test-Teacher]
[EL Fine]: sql: 2023-03-25 00:10:03.282--ClientSession(397857830)--Connection(684220724)--Thread(Thread[main,5,main])--UPDATE TEACHER SET NAME = ? WHERE (AISID = ?)
	bind => [VUlNMzQ=, 80123]
[EL Fine]: connection: 2023-03-25 00:10:03.293--ServerSession(793808700)--Connection(1592601990)--Thread(Thread[main,5,main])--disconnect
[EL Fine]: connection: 2023-03-25 00:10:03.293--ServerSession(793808700)--Thread(Thread[main,5,main])--/file:/C:/Users/mlado/Documents/Projects/STUBA/VSA 23/vsa-testing-module/localTestRun/tested/target/classes/_vsa-project-1 logout successful
[EL Fine]: connection: 2023-03-25 00:10:03.293--ServerSession(793808700)--Connection(684220724)--Thread(Thread[main,5,main])--disconnect
[INFO] Tests run: 6, Failures: 0, Errors: 0, Skipped: 0, Time elapsed: 1.268 s - in sk.stuba.fei.uim.vsa.pr1.TeacherTest
[INFO] Running sk.stuba.fei.uim.vsa.pr1.ThesisTest
2023-03-25 00:10:03.314  INFO --- [           main] org.reflections.Reflections              : Reflections took 18 ms to scan 2 urls, producing 11 keys and 19 values
[EL Fine]: moxy: 2023-03-25 00:10:03.324--Thread(Thread[main,5,main])--SAXParserFactory instance: com.sun.org.apache.xerces.internal.jaxp.SAXParserFactoryImpl@671facee
[EL Fine]: server: 2023-03-25 00:10:03.327--Thread(Thread[main,5,main])--Configured server platform: org.eclipse.persistence.platform.server.NoServerPlatform
[EL Config]: metadata: 2023-03-25 00:10:03.346--ServerSession(1185502159)--Thread(Thread[main,5,main])--The access type for the persistent class [class sk.stuba.fei.uim.vsa.pr1.solution.Teacher] is set to [FIELD].
[EL Config]: metadata: 2023-03-25 00:10:03.346--ServerSession(1185502159)--Thread(Thread[main,5,main])--The target entity (reference) class for the one to many mapping element [field supervisedTheses] is being defaulted to: class sk.stuba.fei.uim.vsa.pr1.solution.Thesis.
[EL Config]: metadata: 2023-03-25 00:10:03.347--ServerSession(1185502159)--Thread(Thread[main,5,main])--The access type for the persistent class [class sk.stuba.fei.uim.vsa.pr1.solution.Thesis] is set to [FIELD].
[EL Config]: metadata: 2023-03-25 00:10:03.347--ServerSession(1185502159)--Thread(Thread[main,5,main])--The target entity (reference) class for the one to one mapping element [field author] is being defaulted to: class sk.stuba.fei.uim.vsa.pr1.solution.Student.
[EL Config]: metadata: 2023-03-25 00:10:03.348--ServerSession(1185502159)--Thread(Thread[main,5,main])--The target entity (reference) class for the many to one mapping element [field supervisor] is being defaulted to: class sk.stuba.fei.uim.vsa.pr1.solution.Teacher.
[EL Config]: metadata: 2023-03-25 00:10:03.349--ServerSession(1185502159)--Thread(Thread[main,5,main])--The access type for the persistent class [class sk.stuba.fei.uim.vsa.pr1.solution.Student] is set to [FIELD].
[EL Config]: metadata: 2023-03-25 00:10:03.349--ServerSession(1185502159)--Thread(Thread[main,5,main])--The target entity (reference) class for the one to one mapping element [field thesis] is being defaulted to: class sk.stuba.fei.uim.vsa.pr1.solution.Thesis.
[EL Config]: metadata: 2023-03-25 00:10:03.35--ServerSession(1185502159)--Thread(Thread[main,5,main])--The alias name for the entity class [class sk.stuba.fei.uim.vsa.pr1.solution.Teacher] is being defaulted to: Teacher.
[EL Config]: metadata: 2023-03-25 00:10:03.35--ServerSession(1185502159)--Thread(Thread[main,5,main])--The column name for element [name] is being defaulted to: NAME.
[EL Config]: metadata: 2023-03-25 00:10:03.35--ServerSession(1185502159)--Thread(Thread[main,5,main])--The column name for element [institute] is being defaulted to: INSTITUTE.
[EL Config]: metadata: 2023-03-25 00:10:03.35--ServerSession(1185502159)--Thread(Thread[main,5,main])--The column name for element [department] is being defaulted to: DEPARTMENT.
[EL Config]: metadata: 2023-03-25 00:10:03.35--ServerSession(1185502159)--Thread(Thread[main,5,main])--The column name for element [aisId] is being defaulted to: AISID.
[EL Config]: metadata: 2023-03-25 00:10:03.35--ServerSession(1185502159)--Thread(Thread[main,5,main])--The column name for element [email] is being defaulted to: EMAIL.
[EL Config]: metadata: 2023-03-25 00:10:03.351--ServerSession(1185502159)--Thread(Thread[main,5,main])--The alias name for the entity class [class sk.stuba.fei.uim.vsa.pr1.solution.Thesis] is being defaulted to: Thesis.
[EL Config]: metadata: 2023-03-25 00:10:03.351--ServerSession(1185502159)--Thread(Thread[main,5,main])--The column name for element [registrationNumber] is being defaulted to: REGISTRATIONNUMBER.
[EL Config]: metadata: 2023-03-25 00:10:03.351--ServerSession(1185502159)--Thread(Thread[main,5,main])--The column name for element [description] is being defaulted to: DESCRIPTION.
[EL Config]: metadata: 2023-03-25 00:10:03.351--ServerSession(1185502159)--Thread(Thread[main,5,main])--The column name for element [publishedOn] is being defaulted to: PUBLISHEDON.
[EL Config]: metadata: 2023-03-25 00:10:03.351--ServerSession(1185502159)--Thread(Thread[main,5,main])--The column name for element [id] is being defaulted to: ID.
[EL Config]: metadata: 2023-03-25 00:10:03.351--ServerSession(1185502159)--Thread(Thread[main,5,main])--The column name for element [title] is being defaulted to: TITLE.
[EL Config]: metadata: 2023-03-25 00:10:03.351--ServerSession(1185502159)--Thread(Thread[main,5,main])--The column name for element [type] is being defaulted to: TYPE.
[EL Config]: metadata: 2023-03-25 00:10:03.352--ServerSession(1185502159)--Thread(Thread[main,5,main])--The column name for element [department] is being defaulted to: DEPARTMENT.
[EL Config]: metadata: 2023-03-25 00:10:03.352--ServerSession(1185502159)--Thread(Thread[main,5,main])--The column name for element [deadline] is being defaulted to: DEADLINE.
[EL Config]: metadata: 2023-03-25 00:10:03.352--ServerSession(1185502159)--Thread(Thread[main,5,main])--The column name for element [status] is being defaulted to: STATUS.
[EL Config]: metadata: 2023-03-25 00:10:03.352--ServerSession(1185502159)--Thread(Thread[main,5,main])--The alias name for the entity class [class sk.stuba.fei.uim.vsa.pr1.solution.Student] is being defaulted to: Student.
[EL Config]: metadata: 2023-03-25 00:10:03.352--ServerSession(1185502159)--Thread(Thread[main,5,main])--The column name for element [studyProgramme] is being defaulted to: STUDYPROGRAMME.
[EL Config]: metadata: 2023-03-25 00:10:03.352--ServerSession(1185502159)--Thread(Thread[main,5,main])--The column name for element [year] is being defaulted to: YEAR.
[EL Config]: metadata: 2023-03-25 00:10:03.352--ServerSession(1185502159)--Thread(Thread[main,5,main])--The column name for element [name] is being defaulted to: NAME.
[EL Config]: metadata: 2023-03-25 00:10:03.352--ServerSession(1185502159)--Thread(Thread[main,5,main])--The column name for element [term] is being defaulted to: TERM.
[EL Config]: metadata: 2023-03-25 00:10:03.352--ServerSession(1185502159)--Thread(Thread[main,5,main])--The column name for element [aisId] is being defaulted to: AISID.
[EL Config]: metadata: 2023-03-25 00:10:03.352--ServerSession(1185502159)--Thread(Thread[main,5,main])--The column name for element [email] is being defaulted to: EMAIL.
[EL Config]: metadata: 2023-03-25 00:10:03.352--ServerSession(1185502159)--Thread(Thread[main,5,main])--The primary key column name for the mapping element [field author] is being defaulted to: AISID.
[EL Config]: metadata: 2023-03-25 00:10:03.353--ServerSession(1185502159)--Thread(Thread[main,5,main])--The foreign key column name for the mapping element [author] is being defaulted to: AUTHOR_AISID.
[EL Config]: metadata: 2023-03-25 00:10:03.353--ServerSession(1185502159)--Thread(Thread[main,5,main])--The primary key column name for the mapping element [field supervisor] is being defaulted to: AISID.
[EL Config]: metadata: 2023-03-25 00:10:03.353--ServerSession(1185502159)--Thread(Thread[main,5,main])--The foreign key column name for the mapping element [supervisor] is being defaulted to: SUPERVISOR_AISID.
[EL Info]: 2023-03-25 00:10:03.357--ServerSession(1185502159)--Thread(Thread[main,5,main])--EclipseLink, version: Eclipse Persistence Services - 2.7.11.v20220804-52dea2a3c0
[EL Fine]: connection: 2023-03-25 00:10:03.357--ServerSession(1185502159)--Connection(1745512157)--Thread(Thread[main,5,main])--connecting(DatabaseLogin(
	platform=>PostgreSQLPlatform
	user name=> "vsa"
	datasource URL=> "jdbc:postgresql://localhost:5432/vsa_pr1"
))
[EL Config]: connection: 2023-03-25 00:10:03.381--ServerSession(1185502159)--Connection(48071225)--Thread(Thread[main,5,main])--Connected: jdbc:postgresql://localhost:5432/vsa_pr1
	User: vsa
	Database: PostgreSQL  Version: 15.2 (Debian 15.2-1.pgdg110+1)
	Driver: PostgreSQL JDBC Driver  Version: 42.5.4
[EL Warning]: metadata: 2023-03-25 00:10:03.382--ServerSession(1185502159)--Thread(Thread[main,5,main])--Reverting the lazy setting on the OneToOne or ManyToOne attribute [thesis] for the entity class [class sk.stuba.fei.uim.vsa.pr1.solution.Student] since weaving was not enabled or did not occur.
[EL Fine]: connection: 2023-03-25 00:10:03.386--ServerSession(1185502159)--Thread(Thread[main,5,main])--/file:/C:/Users/mlado/Documents/Projects/STUBA/VSA 23/vsa-testing-module/localTestRun/tested/target/classes/_vsa-project-1 login successful
[EL Fine]: sql: 2023-03-25 00:10:03.387--ServerSession(1185502159)--Connection(48071225)--Thread(Thread[main,5,main])--ALTER TABLE THESIS DROP CONSTRAINT FK_THESIS_SUPERVISOR_AISID
[EL Fine]: sql: 2023-03-25 00:10:03.398--ServerSession(1185502159)--Connection(48071225)--Thread(Thread[main,5,main])--ALTER TABLE THESIS DROP CONSTRAINT FK_THESIS_AUTHOR_AISID
[EL Fine]: sql: 2023-03-25 00:10:03.403--ServerSession(1185502159)--Connection(48071225)--Thread(Thread[main,5,main])--DROP TABLE STUDENT CASCADE
[EL Fine]: sql: 2023-03-25 00:10:03.408--ServerSession(1185502159)--Connection(48071225)--Thread(Thread[main,5,main])--DROP TABLE TEACHER CASCADE
[EL Fine]: sql: 2023-03-25 00:10:03.413--ServerSession(1185502159)--Connection(48071225)--Thread(Thread[main,5,main])--DROP TABLE THESIS CASCADE
[EL Fine]: sql: 2023-03-25 00:10:03.421--ServerSession(1185502159)--Connection(48071225)--Thread(Thread[main,5,main])--DELETE FROM SEQUENCE WHERE SEQ_NAME = 'SEQ_GEN'
[EL Fine]: sql: 2023-03-25 00:10:03.433--ServerSession(1185502159)--Connection(48071225)--Thread(Thread[main,5,main])--CREATE TABLE STUDENT (AISID BIGINT NOT NULL, EMAIL VARCHAR(255) NOT NULL UNIQUE, NAME VARCHAR(255) NOT NULL, STUDYPROGRAMME VARCHAR(255), TERM INTEGER, YEAR INTEGER, PRIMARY KEY (AISID))
[EL Fine]: sql: 2023-03-25 00:10:03.461--ServerSession(1185502159)--Connection(48071225)--Thread(Thread[main,5,main])--CREATE TABLE TEACHER (AISID BIGINT NOT NULL, DEPARTMENT VARCHAR(255) NOT NULL, EMAIL VARCHAR(255) NOT NULL UNIQUE, INSTITUTE VARCHAR(255), NAME VARCHAR(255) NOT NULL, PRIMARY KEY (AISID))
[EL Fine]: sql: 2023-03-25 00:10:03.489--ServerSession(1185502159)--Connection(48071225)--Thread(Thread[main,5,main])--CREATE TABLE THESIS (ID BIGINT NOT NULL, DEADLINE DATE, DEPARTMENT VARCHAR(255), DESCRIPTION VARCHAR(255), PUBLISHEDON DATE NOT NULL, REGISTRATIONNUMBER VARCHAR(255) NOT NULL UNIQUE, STATUS VARCHAR(255), TITLE VARCHAR(255) NOT NULL, TYPE VARCHAR(255), SUPERVISOR_AISID BIGINT NOT NULL, AUTHOR_AISID BIGINT, PRIMARY KEY (ID))
[EL Fine]: sql: 2023-03-25 00:10:03.513--ServerSession(1185502159)--Connection(48071225)--Thread(Thread[main,5,main])--ALTER TABLE THESIS ADD CONSTRAINT FK_THESIS_SUPERVISOR_AISID FOREIGN KEY (SUPERVISOR_AISID) REFERENCES TEACHER (AISID)
[EL Fine]: sql: 2023-03-25 00:10:03.519--ServerSession(1185502159)--Connection(48071225)--Thread(Thread[main,5,main])--ALTER TABLE THESIS ADD CONSTRAINT FK_THESIS_AUTHOR_AISID FOREIGN KEY (AUTHOR_AISID) REFERENCES STUDENT (AISID)
[EL Fine]: sql: 2023-03-25 00:10:03.527--ServerSession(1185502159)--Connection(48071225)--Thread(Thread[main,5,main])--SELECT * FROM SEQUENCE WHERE SEQ_NAME = 'SEQ_GEN'
[EL Fine]: sql: 2023-03-25 00:10:03.531--ServerSession(1185502159)--Connection(48071225)--Thread(Thread[main,5,main])--INSERT INTO SEQUENCE(SEQ_NAME, SEQ_COUNT) values ('SEQ_GEN', 0)
2023-03-25 00:10:03.537  INFO --- [           main] s.stuba.fei.uim.vsa.pr1.utils.TestUtils  : Thesis service class: sk.stuba.fei.uim.vsa.pr1.solution.ThesisService
[EL Fine]: sql: 2023-03-25 00:10:03.696--ClientSession(669365112)--Connection(48071225)--Thread(Thread[main,5,main])--INSERT INTO TEACHER (AISID, DEPARTMENT, EMAIL, INSTITUTE, NAME) VALUES (?, ?, ?, ?, ?)
	bind => [80123, Software engineering, test.teacher@stuba.sk, Software engineering, Test-Teacher]
[EL Fine]: sql: 2023-03-25 00:10:03.711--ClientSession(1579823168)--Connection(48071225)--Thread(Thread[main,5,main])--UPDATE SEQUENCE SET SEQ_COUNT = SEQ_COUNT + ? WHERE SEQ_NAME = ?
	bind => [50, SEQ_GEN]
[EL Fine]: sql: 2023-03-25 00:10:03.715--ClientSession(1579823168)--Connection(48071225)--Thread(Thread[main,5,main])--SELECT SEQ_COUNT FROM SEQUENCE WHERE SEQ_NAME = ?
	bind => [SEQ_GEN]
[EL Fine]: sql: 2023-03-25 00:10:03.727--ClientSession(1579823168)--Connection(48071225)--Thread(Thread[main,5,main])--INSERT INTO THESIS (ID, DEADLINE, DEPARTMENT, DESCRIPTION, PUBLISHEDON, REGISTRATIONNUMBER, STATUS, TITLE, TYPE, SUPERVISOR_AISID, AUTHOR_AISID) VALUES (?, ?, ?, ?, ?, ?, ?, ?, ?, ?, ?)
	bind => [1, 2023-06-25, Software engineering, Some description of the thesis, 2023-03-25, FEI-18391, FREE_TO_TAKE, Excellent Simple Bachelor Thesis, BACHELOR, 80123, null]
[EL Fine]: sql: 2023-03-25 00:10:03.74--ClientSession(105194717)--Connection(48071225)--Thread(Thread[main,5,main])--INSERT INTO TEACHER (AISID, DEPARTMENT, EMAIL, INSTITUTE, NAME) VALUES (?, ?, ?, ?, ?)
	bind => [999234, Mathematics, test.teacher.second@stuba.sk, Mathematics, Test-Teacher the Second]
[EL Fine]: sql: 2023-03-25 00:10:03.755--ClientSession(1636487850)--Connection(48071225)--Thread(Thread[main,5,main])--UPDATE THESIS SET SUPERVISOR_AISID = ? WHERE (ID = ?)
	bind => [999234, 1]
[EL Fine]: sql: 2023-03-25 00:10:03.914--ClientSession(1187225933)--Connection(48071225)--Thread(Thread[main,5,main])--INSERT INTO TEACHER (AISID, DEPARTMENT, EMAIL, INSTITUTE, NAME) VALUES (?, ?, ?, ?, ?)
	bind => [80123, Software engineering, test.teacher@stuba.sk, Software engineering, Test-Teacher]
[EL Fine]: sql: 2023-03-25 00:10:03.93--ClientSession(117248709)--Connection(48071225)--Thread(Thread[main,5,main])--INSERT INTO THESIS (ID, DEADLINE, DEPARTMENT, DESCRIPTION, PUBLISHEDON, REGISTRATIONNUMBER, STATUS, TITLE, TYPE, SUPERVISOR_AISID, AUTHOR_AISID) VALUES (?, ?, ?, ?, ?, ?, ?, ?, ?, ?, ?)
	bind => [2, 2023-06-25, Software engineering, Some description of the thesis, 2023-03-25, FEI-93335, FREE_TO_TAKE, Excellent Simple Bachelor Thesis, BACHELOR, 80123, null]
[EL Fine]: sql: 2023-03-25 00:10:03.946--ServerSession(1185502159)--Connection(48071225)--Thread(Thread[main,5,main])--SELECT ID, DEADLINE, DEPARTMENT, DESCRIPTION, PUBLISHEDON, REGISTRATIONNUMBER, STATUS, TITLE, TYPE, SUPERVISOR_AISID, AUTHOR_AISID FROM THESIS WHERE (SUPERVISOR_AISID = ?)
	bind => [80123]
[EL Fine]: sql: 2023-03-25 00:10:03.955--ClientSession(2098830440)--Connection(48071225)--Thread(Thread[main,5,main])--DELETE FROM THESIS WHERE (ID = ?)
	bind => [2]
[EL Fine]: sql: 2023-03-25 00:10:03.969--ClientSession(829053325)--Connection(48071225)--Thread(Thread[main,5,main])--DELETE FROM TEACHER WHERE (AISID = ?)
	bind => [80123]
[EL Fine]: sql: 2023-03-25 00:10:03.981--ServerSession(1185502159)--Connection(48071225)--Thread(Thread[main,5,main])--SELECT AISID, DEPARTMENT, EMAIL, INSTITUTE, NAME FROM TEACHER WHERE (AISID = ?)
	bind => [80123]
[EL Fine]: sql: 2023-03-25 00:10:03.986--ServerSession(1185502159)--Connection(48071225)--Thread(Thread[main,5,main])--SELECT ID, DEADLINE, DEPARTMENT, DESCRIPTION, PUBLISHEDON, REGISTRATIONNUMBER, STATUS, TITLE, TYPE, SUPERVISOR_AISID, AUTHOR_AISID FROM THESIS WHERE (ID = ?)
	bind => [2]
[EL Fine]: sql: 2023-03-25 00:10:04.132--ClientSession(896945135)--Connection(48071225)--Thread(Thread[main,5,main])--INSERT INTO TEACHER (AISID, DEPARTMENT, EMAIL, INSTITUTE, NAME) VALUES (?, ?, ?, ?, ?)
	bind => [80123, Software engineering, test.teacher@stuba.sk, Software engineering, Test-Teacher]
[EL Fine]: sql: 2023-03-25 00:10:04.147--ClientSession(1638864144)--Connection(48071225)--Thread(Thread[main,5,main])--INSERT INTO THESIS (ID, DEADLINE, DEPARTMENT, DESCRIPTION, PUBLISHEDON, REGISTRATIONNUMBER, STATUS, TITLE, TYPE, SUPERVISOR_AISID, AUTHOR_AISID) VALUES (?, ?, ?, ?, ?, ?, ?, ?, ?, ?, ?)
	bind => [3, 2023-06-25, Software engineering, Some description of the thesis, 2023-03-25, FEI-59844, FREE_TO_TAKE, Excellent Simple Bachelor Thesis, BACHELOR, 80123, null]
2023-03-25 00:10:04.161  INFO --- [           main] s.s.f.uim.vsa.pr1.AbstractThesisService  : Creating student with AIS ID 70127
[EL Fine]: sql: 2023-03-25 00:10:04.162--ClientSession(1083086553)--Connection(48071225)--Thread(Thread[main,5,main])--INSERT INTO STUDENT (AISID, EMAIL, NAME, STUDYPROGRAMME, TERM, YEAR) VALUES (?, ?, ?, ?, ?, ?)
	bind => [70127, xtest@stuba.sk, Test-Student, null, null, null]
[EL Fine]: sql: 2023-03-25 00:10:04.18--ClientSession(596376940)--Connection(48071225)--Thread(Thread[main,5,main])--UPDATE THESIS SET STATUS = ?, AUTHOR_AISID = ? WHERE (ID = ?)
	bind => [IN_PROGRESS, 70127, 3]
[EL Fine]: sql: 2023-03-25 00:10:04.196--ClientSession(1300399812)--Connection(48071225)--Thread(Thread[main,5,main])--UPDATE THESIS SET STATUS = ? WHERE (ID = ?)
	bind => [SUBMITTED, 3]
[EL Fine]: sql: 2023-03-25 00:10:04.34--ClientSession(1763872389)--Connection(48071225)--Thread(Thread[main,5,main])--INSERT INTO TEACHER (AISID, DEPARTMENT, EMAIL, INSTITUTE, NAME) VALUES (?, ?, ?, ?, ?)
	bind => [80123, Software engineering, test.teacher@stuba.sk, Software engineering, Test-Teacher]
[EL Fine]: sql: 2023-03-25 00:10:04.355--ClientSession(1903406683)--Connection(48071225)--Thread(Thread[main,5,main])--INSERT INTO THESIS (ID, DEADLINE, DEPARTMENT, DESCRIPTION, PUBLISHEDON, REGISTRATIONNUMBER, STATUS, TITLE, TYPE, SUPERVISOR_AISID, AUTHOR_AISID) VALUES (?, ?, ?, ?, ?, ?, ?, ?, ?, ?, ?)
	bind => [4, 2023-06-25, Software engineering, Some description of the thesis, 2023-03-25, FEI-59117, FREE_TO_TAKE, Excellent Simple Bachelor Thesis, BACHELOR, 80123, null]
2023-03-25 00:10:04.370  INFO --- [           main] s.s.f.uim.vsa.pr1.AbstractThesisService  : Creating student with AIS ID 70127
[EL Fine]: sql: 2023-03-25 00:10:04.37--ClientSession(569661948)--Connection(48071225)--Thread(Thread[main,5,main])--INSERT INTO STUDENT (AISID, EMAIL, NAME, STUDYPROGRAMME, TERM, YEAR) VALUES (?, ?, ?, ?, ?, ?)
	bind => [70127, xtest@stuba.sk, Test-Student, null, null, null]
[EL Fine]: sql: 2023-03-25 00:10:04.388--ClientSession(1806121021)--Connection(48071225)--Thread(Thread[main,5,main])--UPDATE THESIS SET STATUS = ?, AUTHOR_AISID = ? WHERE (ID = ?)
	bind => [IN_PROGRESS, 70127, 4]
[EL Fine]: sql: 2023-03-25 00:10:04.523--ClientSession(703440120)--Connection(48071225)--Thread(Thread[main,5,main])--INSERT INTO TEACHER (AISID, DEPARTMENT, EMAIL, INSTITUTE, NAME) VALUES (?, ?, ?, ?, ?)
	bind => [80123, Software engineering, test.teacher@stuba.sk, Software engineering, Test-Teacher]
[EL Fine]: sql: 2023-03-25 00:10:04.535--ClientSession(1738784081)--Connection(48071225)--Thread(Thread[main,5,main])--INSERT INTO THESIS (ID, DEADLINE, DEPARTMENT, DESCRIPTION, PUBLISHEDON, REGISTRATIONNUMBER, STATUS, TITLE, TYPE, SUPERVISOR_AISID, AUTHOR_AISID) VALUES (?, ?, ?, ?, ?, ?, ?, ?, ?, ?, ?)
	bind => [5, 2023-06-25, Software engineering, Some description of the thesis, 2023-03-25, FEI-54448, FREE_TO_TAKE, Excellent Simple Bachelor Thesis, BACHELOR, 80123, null]
2023-03-25 00:10:04.546  INFO --- [           main] s.s.f.uim.vsa.pr1.AbstractThesisService  : Creating student with AIS ID 70127
[EL Fine]: sql: 2023-03-25 00:10:04.547--ClientSession(723689932)--Connection(48071225)--Thread(Thread[main,5,main])--INSERT INTO STUDENT (AISID, EMAIL, NAME, STUDYPROGRAMME, TERM, YEAR) VALUES (?, ?, ?, ?, ?, ?)
	bind => [70127, xtest@stuba.sk, Test-Student, null, null, null]
[EL Fine]: sql: 2023-03-25 00:10:04.558--ClientSession(2050529121)--Connection(48071225)--Thread(Thread[main,5,main])--UPDATE THESIS SET STATUS = ?, AUTHOR_AISID = ? WHERE (ID = ?)
	bind => [IN_PROGRESS, 70127, 5]
[EL Fine]: sql: 2023-03-25 00:10:04.571--ClientSession(443348849)--Connection(48071225)--Thread(Thread[main,5,main])--DELETE FROM THESIS WHERE (ID = ?)
	bind => [5]
[EL Fine]: sql: 2023-03-25 00:10:04.58--ServerSession(1185502159)--Connection(48071225)--Thread(Thread[main,5,main])--SELECT ID, DEADLINE, DEPARTMENT, DESCRIPTION, PUBLISHEDON, REGISTRATIONNUMBER, STATUS, TITLE, TYPE, SUPERVISOR_AISID, AUTHOR_AISID FROM THESIS WHERE (ID = ?)
	bind => [5]
[EL Fine]: sql: 2023-03-25 00:10:04.713--ClientSession(498023236)--Connection(48071225)--Thread(Thread[main,5,main])--INSERT INTO TEACHER (AISID, DEPARTMENT, EMAIL, INSTITUTE, NAME) VALUES (?, ?, ?, ?, ?)
	bind => [80123, Software engineering, test.teacher@stuba.sk, Software engineering, Test-Teacher]
[EL Fine]: sql: 2023-03-25 00:10:04.724--ClientSession(1818453711)--Connection(48071225)--Thread(Thread[main,5,main])--INSERT INTO THESIS (ID, DEADLINE, DEPARTMENT, DESCRIPTION, PUBLISHEDON, REGISTRATIONNUMBER, STATUS, TITLE, TYPE, SUPERVISOR_AISID, AUTHOR_AISID) VALUES (?, ?, ?, ?, ?, ?, ?, ?, ?, ?, ?)
	bind => [6, 2023-06-25, Software engineering, Some description of the thesis, 2023-03-25, FEI-99384, FREE_TO_TAKE, Excellent Simple Bachelor Thesis, BACHELOR, 80123, null]
[EL Fine]: sql: 2023-03-25 00:10:04.736--ServerSession(1185502159)--Connection(48071225)--Thread(Thread[main,5,main])--SELECT ID, DEADLINE, DEPARTMENT, DESCRIPTION, PUBLISHEDON, REGISTRATIONNUMBER, STATUS, TITLE, TYPE, SUPERVISOR_AISID, AUTHOR_AISID FROM THESIS
[EL Fine]: sql: 2023-03-25 00:10:04.881--ClientSession(1097380)--Connection(48071225)--Thread(Thread[main,5,main])--INSERT INTO TEACHER (AISID, DEPARTMENT, EMAIL, INSTITUTE, NAME) VALUES (?, ?, ?, ?, ?)
	bind => [80123, Software engineering, test.teacher@stuba.sk, Software engineering, Test-Teacher]
[EL Fine]: sql: 2023-03-25 00:10:04.892--ClientSession(1037572328)--Connection(48071225)--Thread(Thread[main,5,main])--INSERT INTO THESIS (ID, DEADLINE, DEPARTMENT, DESCRIPTION, PUBLISHEDON, REGISTRATIONNUMBER, STATUS, TITLE, TYPE, SUPERVISOR_AISID, AUTHOR_AISID) VALUES (?, ?, ?, ?, ?, ?, ?, ?, ?, ?, ?)
	bind => [7, 2023-06-25, Software engineering, Some description of the thesis, 2023-03-25, FEI-40555, FREE_TO_TAKE, Excellent Simple Bachelor Thesis, BACHELOR, 80123, null]
[EL Fine]: sql: 2023-03-25 00:10:04.906--ClientSession(1707634104)--Connection(48071225)--Thread(Thread[main,5,main])--DELETE FROM THESIS WHERE (ID = ?)
	bind => [7]
[EL Fine]: sql: 2023-03-25 00:10:04.919--ServerSession(1185502159)--Connection(48071225)--Thread(Thread[main,5,main])--SELECT ID, DEADLINE, DEPARTMENT, DESCRIPTION, PUBLISHEDON, REGISTRATIONNUMBER, STATUS, TITLE, TYPE, SUPERVISOR_AISID, AUTHOR_AISID FROM THESIS WHERE (ID = ?)
	bind => [7]
[EL Fine]: sql: 2023-03-25 00:10:05.049--ClientSession(2091439256)--Connection(48071225)--Thread(Thread[main,5,main])--INSERT INTO TEACHER (AISID, DEPARTMENT, EMAIL, INSTITUTE, NAME) VALUES (?, ?, ?, ?, ?)
	bind => [80123, Software engineering, test.teacher@stuba.sk, Software engineering, Test-Teacher]
[EL Fine]: sql: 2023-03-25 00:10:05.064--ClientSession(1428527783)--Connection(48071225)--Thread(Thread[main,5,main])--INSERT INTO THESIS (ID, DEADLINE, DEPARTMENT, DESCRIPTION, PUBLISHEDON, REGISTRATIONNUMBER, STATUS, TITLE, TYPE, SUPERVISOR_AISID, AUTHOR_AISID) VALUES (?, ?, ?, ?, ?, ?, ?, ?, ?, ?, ?)
	bind => [8, 2023-06-25, Software engineering, Some description of the thesis, 2023-03-25, FEI-64378, FREE_TO_TAKE, Excellent Simple Bachelor Thesis, BACHELOR, 80123, null]
[EL Fine]: sql: 2023-03-25 00:10:05.214--ClientSession(1118998513)--Connection(48071225)--Thread(Thread[main,5,main])--INSERT INTO TEACHER (AISID, DEPARTMENT, EMAIL, INSTITUTE, NAME) VALUES (?, ?, ?, ?, ?)
	bind => [80123, Software engineering, test.teacher@stuba.sk, Software engineering, Test-Teacher]
[EL Fine]: sql: 2023-03-25 00:10:05.225--ClientSession(1988664928)--Connection(48071225)--Thread(Thread[main,5,main])--INSERT INTO THESIS (ID, DEADLINE, DEPARTMENT, DESCRIPTION, PUBLISHEDON, REGISTRATIONNUMBER, STATUS, TITLE, TYPE, SUPERVISOR_AISID, AUTHOR_AISID) VALUES (?, ?, ?, ?, ?, ?, ?, ?, ?, ?, ?)
	bind => [9, 2023-06-25, Software engineering, Some description of the thesis, 2023-03-25, FEI-69202, FREE_TO_TAKE, Excellent Simple Bachelor Thesis, BACHELOR, 80123, null]
2023-03-25 00:10:05.235  INFO --- [           main] s.s.f.uim.vsa.pr1.AbstractThesisService  : Creating student with AIS ID 70127
[EL Fine]: sql: 2023-03-25 00:10:05.237--ClientSession(1446511153)--Connection(48071225)--Thread(Thread[main,5,main])--INSERT INTO STUDENT (AISID, EMAIL, NAME, STUDYPROGRAMME, TERM, YEAR) VALUES (?, ?, ?, ?, ?, ?)
	bind => [70127, xtest@stuba.sk, Test-Student, null, null, null]
[EL Fine]: sql: 2023-03-25 00:10:05.248--ClientSession(730584984)--Connection(48071225)--Thread(Thread[main,5,main])--UPDATE THESIS SET STATUS = ?, AUTHOR_AISID = ? WHERE (ID = ?)
	bind => [IN_PROGRESS, 70127, 9]
[EL Fine]: sql: 2023-03-25 00:10:05.259--ServerSession(1185502159)--Connection(48071225)--Thread(Thread[main,5,main])--SELECT ID, DEADLINE, DEPARTMENT, DESCRIPTION, PUBLISHEDON, REGISTRATIONNUMBER, STATUS, TITLE, TYPE, SUPERVISOR_AISID, AUTHOR_AISID FROM THESIS WHERE (AUTHOR_AISID = ?)
	bind => [70127]
[EL Fine]: sql: 2023-03-25 00:10:05.394--ClientSession(1196200241)--Connection(48071225)--Thread(Thread[main,5,main])--INSERT INTO TEACHER (AISID, DEPARTMENT, EMAIL, INSTITUTE, NAME) VALUES (?, ?, ?, ?, ?)
	bind => [80123, Software engineering, test.teacher@stuba.sk, Software engineering, Test-Teacher]
[EL Fine]: sql: 2023-03-25 00:10:05.405--ClientSession(534643569)--Connection(48071225)--Thread(Thread[main,5,main])--INSERT INTO THESIS (ID, DEADLINE, DEPARTMENT, DESCRIPTION, PUBLISHEDON, REGISTRATIONNUMBER, STATUS, TITLE, TYPE, SUPERVISOR_AISID, AUTHOR_AISID) VALUES (?, ?, ?, ?, ?, ?, ?, ?, ?, ?, ?)
	bind => [10, 2023-06-25, Software engineering, Some description of the thesis, 2023-03-25, FEI-23091, FREE_TO_TAKE, Excellent Simple Bachelor Thesis, BACHELOR, 80123, null]
[EL Fine]: sql: 2023-03-25 00:10:05.419--ServerSession(1185502159)--Connection(48071225)--Thread(Thread[main,5,main])--SELECT ID, DEADLINE, DEPARTMENT, DESCRIPTION, PUBLISHEDON, REGISTRATIONNUMBER, STATUS, TITLE, TYPE, SUPERVISOR_AISID, AUTHOR_AISID FROM THESIS WHERE (SUPERVISOR_AISID = ?)
	bind => [80123]
[EL Fine]: sql: 2023-03-25 00:10:05.54--ClientSession(1681434622)--Connection(48071225)--Thread(Thread[main,5,main])--INSERT INTO TEACHER (AISID, DEPARTMENT, EMAIL, INSTITUTE, NAME) VALUES (?, ?, ?, ?, ?)
	bind => [80123, Software engineering, test.teacher@stuba.sk, Software engineering, Test-Teacher]
[EL Fine]: sql: 2023-03-25 00:10:05.552--ClientSession(1081635795)--Connection(48071225)--Thread(Thread[main,5,main])--INSERT INTO THESIS (ID, DEADLINE, DEPARTMENT, DESCRIPTION, PUBLISHEDON, REGISTRATIONNUMBER, STATUS, TITLE, TYPE, SUPERVISOR_AISID, AUTHOR_AISID) VALUES (?, ?, ?, ?, ?, ?, ?, ?, ?, ?, ?)
	bind => [11, 2023-06-25, Software engineering, Some description of the thesis, 2023-03-25, FEI-37808, FREE_TO_TAKE, Excellent Simple Bachelor Thesis, BACHELOR, 80123, null]
[EL Fine]: connection: 2023-03-25 00:10:05.562--ServerSession(1185502159)--Connection(48071225)--Thread(Thread[main,5,main])--disconnect
[EL Fine]: connection: 2023-03-25 00:10:05.562--ServerSession(1185502159)--Thread(Thread[main,5,main])--/file:/C:/Users/mlado/Documents/Projects/STUBA/VSA 23/vsa-testing-module/localTestRun/tested/target/classes/_vsa-project-1 logout successful
[EL Fine]: connection: 2023-03-25 00:10:05.563--ServerSession(1185502159)--Connection(1745512157)--Thread(Thread[main,5,main])--disconnect
[INFO] Tests run: 11, Failures: 0, Errors: 0, Skipped: 0, Time elapsed: 2.267 s - in sk.stuba.fei.uim.vsa.pr1.ThesisTest
[INFO] 
[INFO] Results:
[INFO] 
[INFO] Tests run: 26, Failures: 0, Errors: 0, Skipped: 0
[INFO] 
[INFO] ------------------------------------------------------------------------
[INFO] BUILD SUCCESS
[INFO] ------------------------------------------------------------------------
[INFO] Total time:  20.509 s
[INFO] Finished at: 2023-03-25T00:10:06+01:00
[INFO] ------------------------------------------------------------------------
